[2017-12-29 20:42:29 +0430] information/LivestatusListener: 'livestatus' started.
[2017-12-29 20:42:29 +0430] information/ApiListener: Adding new listener on port '5665'
[2017-12-29 20:42:29 +0430] information/LivestatusListener: Created UNIX socket in '/run/icinga2/cmd/livestatus'.
[2017-12-29 20:42:29 +0430] information/ExternalCommandListener: 'command' started.
[2017-12-29 20:42:29 +0430] information/CompatLogger: 'compatlog' started.
[2017-12-29 20:42:29 +0430] information/CheckerComponent: 'checker' started.
[2017-12-29 20:42:29 +0430] information/DbConnection: 'ido-mysql' started.
[2017-12-29 20:42:29 +0430] information/NotificationComponent: 'notification' started.
[2017-12-29 20:42:29 +0430] information/PerfdataWriter: 'perfdata' started.
[2017-12-29 20:42:29 +0430] information/ConfigItem: Activated all objects.
[2017-12-29 20:42:29 +0430] information/DbConnection: Resuming IDO connection: ido-mysql
[2017-12-29 20:42:29 +0430] information/IdoMysqlConnection: 'ido-mysql' resumed.
[2017-12-29 20:42:29 +0430] information/IdoMysqlConnection: MySQL IDO instance id: 1 (schema version: '1.14.3')
[2017-12-29 20:42:29 +0430] information/ConfigItem: Committing config item(s).
[2017-12-29 20:42:29 +0430] warning/ApplyRule: Apply rule 'ssh' (in /etc/icinga2/conf.d/services.conf: 47:1-47:19) for type 'Service' does not match anywhere!
[2017-12-29 20:42:29 +0430] information/ConfigItem: Instantiated 1 Downtime.
[2017-12-29 20:42:29 +0430] information/ConfigItem: Triggering Start signal for config items
[2017-12-29 20:42:29 +0430] information/ConfigItem: Activated all objects.
[2017-12-29 20:42:30 +0430] information/IdoMysqlConnection: Finished reconnecting to MySQL IDO database in 1.41465 second(s).
[2017-12-29 20:42:39 +0430] information/WorkQueue: #5 (ApiListener, RelayQueue) items: 0, rate: 0.216667/s (13/min 13/5min 13/15min);
[2017-12-29 20:42:39 +0430] information/WorkQueue: #6 (ApiListener, SyncQueue) items: 0, rate:  0/s (0/min 0/5min 0/15min);
[2017-12-29 20:42:39 +0430] information/WorkQueue: #7 (IdoMysqlConnection, ido-mysql) items: 0, rate: 390.667/s (23440/min 23440/5min 23440/15min);
[2017-12-29 20:43:39 +0430] information/WorkQueue: #7 (IdoMysqlConnection, ido-mysql) items: 6, rate: 3.5/s (210/min 23650/5min 23650/15min);
[2017-12-29 20:44:49 +0430] information/WorkQueue: #7 (IdoMysqlConnection, ido-mysql) items: 1, rate: 3.4/s (204/min 23881/5min 23881/15min);
[2017-12-29 20:44:52 +0430] information/Checkable: Checking for configured notifications for object 'icinga2-master-1-core.rahona.be!ping6'
[2017-12-29 20:44:52 +0430] information/Notification: Sending 'Problem' notification 'icinga2-master-1-core.rahona.be!ping6!mail-icingaadmin' for user 'icingaadmin'
[2017-12-29 20:44:52 +0430] information/Notification: Completed sending 'Problem' notification 'icinga2-master-1-core.rahona.be!ping6!mail-icingaadmin' for checkable 'icinga2-master-1-core.rahona.be!ping6' and user 'icingaadmin'.
[2017-12-29 20:44:53 +0430] warning/PluginNotificationTask: Notification command for object 'icinga2-master-1-core.rahona.be!ping6' (PID: 397, arguments: '/etc/icinga2/scripts/mail-service-notification.sh' '-4' '127.0.0.1' '-6' '::1' '-b' '' '-c' '' '-d' '2017-12-29 20:44:52 +0430' '-e' 'ping6' '-l' 'icinga2-master-1-core.rahona.be' '-n' 'icinga2-master-1-core.rahona.be' '-o' '/bin/ping6 -n -U -w 10 -c 5 ::1
CRITICAL - Could not interpret output from ping command' '-r' 'root@localhost' '-s' 'UNKNOWN' '-t' 'PROBLEM' '-u' 'ping6' '-v' 'false') terminated with exit code 36, output: mail: cannot send message: Process exited with a non-zero status

[2017-12-29 20:44:55 +0430] information/Checkable: Checking for configured notifications for object 'icinga2-master-1-core.rahona.be!http'
[2017-12-29 20:44:55 +0430] information/Notification: Sending 'Problem' notification 'icinga2-master-1-core.rahona.be!http!mail-icingaadmin' for user 'icingaadmin'
[2017-12-29 20:44:55 +0430] information/Notification: Completed sending 'Problem' notification 'icinga2-master-1-core.rahona.be!http!mail-icingaadmin' for checkable 'icinga2-master-1-core.rahona.be!http' and user 'icingaadmin'.
[2017-12-29 20:44:55 +0430] warning/PluginNotificationTask: Notification command for object 'icinga2-master-1-core.rahona.be!http' (PID: 409, arguments: '/etc/icinga2/scripts/mail-service-notification.sh' '-4' '127.0.0.1' '-6' '::1' '-b' '' '-c' '' '-d' '2017-12-29 20:44:55 +0430' '-e' 'http' '-l' 'icinga2-master-1-core.rahona.be' '-n' 'icinga2-master-1-core.rahona.be' '-o' 'connect to address 127.0.0.1 and port 80: Connection refused
HTTP CRITICAL - Unable to open TCP socket' '-r' 'root@localhost' '-s' 'CRITICAL' '-t' 'PROBLEM' '-u' 'http' '-v' 'false') terminated with exit code 36, output: mail: cannot send message: Process exited with a non-zero status

[2017-12-29 20:44:57 +0430] information/Checkable: Checking for configured notifications for object 'icinga2-master-1-core.rahona.be!disk'
[2017-12-29 20:44:57 +0430] information/Notification: Sending 'Problem' notification 'icinga2-master-1-core.rahona.be!disk!mail-icingaadmin' for user 'icingaadmin'
[2017-12-29 20:44:57 +0430] information/Notification: Completed sending 'Problem' notification 'icinga2-master-1-core.rahona.be!disk!mail-icingaadmin' for checkable 'icinga2-master-1-core.rahona.be!disk' and user 'icingaadmin'.
[2017-12-29 20:44:57 +0430] warning/PluginNotificationTask: Notification command for object 'icinga2-master-1-core.rahona.be!disk' (PID: 419, arguments: '/etc/icinga2/scripts/mail-service-notification.sh' '-4' '127.0.0.1' '-6' '::1' '-b' '' '-c' '' '-d' '2017-12-29 20:44:57 +0430' '-e' 'disk' '-l' 'icinga2-master-1-core.rahona.be' '-n' 'icinga2-master-1-core.rahona.be' '-o' 'DISK CRITICAL - free space: / 40598 MB (66% inode=85%); /etc/icinga2 25516 MB (10% inode=99%); /etc/resolv.conf 40598 MB (66% inode=85%); /etc/hostname 40598 MB (66% inode=85%); /etc/hosts 40598 MB (66% inode=85%); /var/cache/icinga2 25516 MB (10% inode=99%); /var/log/icinga2 25516 MB (10% inode=99%); /var/lib/mysql 25516 MB (10% inode=99%); /var/spool/icinga2 25516 MB (10% inode=99%); /run/icinga2 25516 MB (10% inode=99%); /var/lib/icinga2 25516 MB (10% inode=99%); /usr/lib/nagios/plugins 25516 MB (10% inode=99%);' '-r' 'root@localhost' '-s' 'CRITICAL' '-t' 'PROBLEM' '-u' 'disk' '-v' 'false') terminated with exit code 36, output: mail: cannot send message: Process exited with a non-zero status

[2017-12-29 20:44:59 +0430] information/WorkQueue: #7 (IdoMysqlConnection, ido-mysql) items: 6, rate: 1020.52/s (61231/min 84947/5min 84947/15min);
[2017-12-29 20:45:09 +0430] information/ExternalCommandListener: Executing external command: [1514564109] SCHEDULE_FORCED_SVC_CHECK;icinga2-master-1-core.rahona.be;disk;1514564109
[2017-12-29 20:45:09 +0430] information/Checkable: Checking for configured notifications for object 'icinga2-master-1-core.rahona.be!disk'
[2017-12-29 20:45:09 +0430] information/Notification: Sending 'Problem' notification 'icinga2-master-1-core.rahona.be!disk!mail-icingaadmin' for user 'icingaadmin'
[2017-12-29 20:45:09 +0430] information/Notification: Completed sending 'Problem' notification 'icinga2-master-1-core.rahona.be!disk!mail-icingaadmin' for checkable 'icinga2-master-1-core.rahona.be!disk' and user 'icingaadmin'.
[2017-12-29 20:45:09 +0430] warning/PluginNotificationTask: Notification command for object 'icinga2-master-1-core.rahona.be!disk' (PID: 435, arguments: '/etc/icinga2/scripts/mail-service-notification.sh' '-4' '127.0.0.1' '-6' '::1' '-b' '' '-c' '' '-d' '2017-12-29 20:45:09 +0430' '-e' 'disk' '-l' 'icinga2-master-1-core.rahona.be' '-n' 'icinga2-master-1-core.rahona.be' '-o' 'DISK WARNING - free space: / 40598 MB (66% inode=85%); /etc/icinga2 35408 MB (15% inode=99%); /etc/resolv.conf 40598 MB (66% inode=85%); /etc/hostname 40598 MB (66% inode=85%); /etc/hosts 40598 MB (66% inode=85%); /var/cache/icinga2 35408 MB (15% inode=99%); /var/log/icinga2 35408 MB (15% inode=99%); /var/lib/mysql 35408 MB (15% inode=99%); /var/spool/icinga2 35408 MB (15% inode=99%); /run/icinga2 35408 MB (15% inode=99%); /var/lib/icinga2 35408 MB (15% inode=99%); /usr/lib/nagios/plugins 35408 MB (15% inode=99%);' '-r' 'root@localhost' '-s' 'WARNING' '-t' 'PROBLEM' '-u' 'disk' '-v' 'false') terminated with exit code 36, output: mail: cannot send message: Process exited with a non-zero status

[2017-12-29 20:47:29 +0430] information/ConfigObject: Dumping program state to file '/var/lib/icinga2/icinga2.state'
[2017-12-29 20:47:39 +0430] information/WorkQueue: #5 (ApiListener, RelayQueue) items: 0, rate: 0.6/s (36/min 207/5min 220/15min);
[2017-12-29 20:47:39 +0430] information/WorkQueue: #6 (ApiListener, SyncQueue) items: 0, rate:  0/s (0/min 0/5min 0/15min);
[2017-12-29 20:47:39 +0430] information/WorkQueue: #7 (IdoMysqlConnection, ido-mysql) items: 0, rate: 3.06667/s (184/min 110239/5min 133679/15min);
[2017-12-29 20:48:29 +0430] information/WorkQueue: #7 (IdoMysqlConnection, ido-mysql) items: 6, rate: 3.1/s (186/min 110223/5min 133838/15min);
[2017-12-29 20:49:09 +0430] information/WorkQueue: #7 (IdoMysqlConnection, ido-mysql) items: 7, rate: 3.13333/s (188/min 110217/5min 133960/15min);
[2017-12-29 20:49:39 +0430] information/WorkQueue: #7 (IdoMysqlConnection, ido-mysql) items: 1, rate: 3.1/s (186/min 110197/5min 134051/15min);
[2017-12-29 20:49:49 +0430] information/WorkQueue: #7 (IdoMysqlConnection, ido-mysql) items: 1, rate: 3.1/s (186/min 110203/5min 134084/15min);
[2017-12-29 20:50:09 +0430] information/WorkQueue: #7 (IdoMysqlConnection, ido-mysql) items: 6, rate: 3.13333/s (188/min 49174/5min 134148/15min);
[2017-12-29 20:50:49 +0430] information/WorkQueue: #7 (IdoMysqlConnection, ido-mysql) items: 6, rate: 2.93333/s (176/min 922/5min 134269/15min);
[2017-12-29 20:50:59 +0430] information/WorkQueue: #7 (IdoMysqlConnection, ido-mysql) items: 6, rate: 3.13333/s (188/min 932/5min 134301/15min);
[2017-12-29 20:51:09 +0430] information/WorkQueue: #7 (IdoMysqlConnection, ido-mysql) items: 6, rate: 3.13333/s (188/min 940/5min 134336/15min);
[2017-12-29 20:51:19 +0430] information/WorkQueue: #7 (IdoMysqlConnection, ido-mysql) items: 6, rate: 3.1/s (186/min 938/5min 134367/15min);
[2017-12-29 20:51:29 +0430] information/WorkQueue: #7 (IdoMysqlConnection, ido-mysql) items: 6, rate: 3.1/s (186/min 930/5min 134396/15min);
[2017-12-29 20:51:39 +0430] information/WorkQueue: #7 (IdoMysqlConnection, ido-mysql) items: 6, rate: 3.1/s (186/min 928/5min 134423/15min);
[2017-12-29 20:52:29 +0430] information/ConfigObject: Dumping program state to file '/var/lib/icinga2/icinga2.state'
[2017-12-29 20:52:39 +0430] information/WorkQueue: #6 (ApiListener, SyncQueue) items: 0, rate:  0/s (0/min 0/5min 0/15min);
[2017-12-29 20:52:39 +0430] information/WorkQueue: #5 (ApiListener, RelayQueue) items: 0, rate: 0.6/s (36/min 183/5min 398/15min);
[2017-12-29 20:52:39 +0430] information/WorkQueue: #7 (IdoMysqlConnection, ido-mysql) items: 0, rate: 3.1/s (186/min 930/5min 134609/15min);
[2017-12-29 20:52:49 +0430] information/WorkQueue: #7 (IdoMysqlConnection, ido-mysql) items: 1, rate: 3.1/s (186/min 926/5min 134638/15min);
[2017-12-29 20:52:59 +0430] information/WorkQueue: #7 (IdoMysqlConnection, ido-mysql) items: 1, rate: 3.1/s (186/min 932/5min 134673/15min);
[2017-12-29 20:53:19 +0430] information/WorkQueue: #7 (IdoMysqlConnection, ido-mysql) items: 7, rate: 3.1/s (186/min 930/5min 134739/15min);
[2017-12-29 20:53:29 +0430] information/WorkQueue: #7 (IdoMysqlConnection, ido-mysql) items: 7, rate: 3.1/s (186/min 930/5min 134768/15min);
[2017-12-29 20:53:39 +0430] information/WorkQueue: #7 (IdoMysqlConnection, ido-mysql) items: 6, rate: 3.13333/s (188/min 932/5min 134797/15min);
[2017-12-29 20:53:49 +0430] information/WorkQueue: #7 (IdoMysqlConnection, ido-mysql) items: 1, rate: 3.13333/s (188/min 928/5min 134826/15min);
[2017-12-29 20:54:09 +0430] information/WorkQueue: #7 (IdoMysqlConnection, ido-mysql) items: 1, rate: 3.1/s (186/min 936/5min 134896/15min);
[2017-12-29 20:54:19 +0430] information/WorkQueue: #7 (IdoMysqlConnection, ido-mysql) items: 6, rate: 3.1/s (186/min 930/5min 134925/15min);
[2017-12-29 20:54:29 +0430] information/WorkQueue: #7 (IdoMysqlConnection, ido-mysql) items: 6, rate: 3.1/s (186/min 930/5min 134954/15min);
[2017-12-29 20:54:39 +0430] information/WorkQueue: #7 (IdoMysqlConnection, ido-mysql) items: 7, rate: 3.1/s (186/min 932/5min 134983/15min);
[2017-12-29 20:54:59 +0430] information/WorkQueue: #7 (IdoMysqlConnection, ido-mysql) items: 7, rate: 2.91667/s (175/min 923/5min 135045/15min);
[2017-12-29 20:55:09 +0430] information/WorkQueue: #7 (IdoMysqlConnection, ido-mysql) items: 1, rate: 2.95/s (177/min 923/5min 135082/15min);
[2017-12-29 20:55:19 +0430] information/WorkQueue: #7 (IdoMysqlConnection, ido-mysql) items: 1, rate: 2.95/s (177/min 921/5min 135111/15min);
[2017-12-29 20:55:59 +0430] information/WorkQueue: #7 (IdoMysqlConnection, ido-mysql) items: 6, rate: 2.98333/s (179/min 921/5min 135231/15min);
[2017-12-29 20:56:09 +0430] information/WorkQueue: #7 (IdoMysqlConnection, ido-mysql) items: 6, rate: 2.98333/s (179/min 923/5min 135268/15min);
[2017-12-29 20:56:19 +0430] information/WorkQueue: #7 (IdoMysqlConnection, ido-mysql) items: 6, rate: 2.98333/s (179/min 921/5min 135297/15min);
[2017-12-29 20:56:29 +0430] information/WorkQueue: #7 (IdoMysqlConnection, ido-mysql) items: 1, rate: 2.98333/s (179/min 921/5min 135326/15min);
[2017-12-29 20:56:39 +0430] information/WorkQueue: #7 (IdoMysqlConnection, ido-mysql) items: 6, rate: 2.98333/s (179/min 923/5min 135355/15min);
[2017-12-29 20:57:09 +0430] information/WorkQueue: #7 (IdoMysqlConnection, ido-mysql) items: 1, rate: 2.98333/s (179/min 923/5min 135454/15min);
[2017-12-29 20:57:19 +0430] information/WorkQueue: #7 (IdoMysqlConnection, ido-mysql) items: 1, rate: 2.98333/s (179/min 921/5min 135483/15min);
[2017-12-29 20:57:29 +0430] information/WorkQueue: #7 (IdoMysqlConnection, ido-mysql) items: 4, rate: 3.01667/s (181/min 923/5min 134093/15min);
[2017-12-29 20:57:29 +0430] information/ConfigObject: Dumping program state to file '/var/lib/icinga2/icinga2.state'
[2017-12-29 20:57:39 +0430] information/WorkQueue: #5 (ApiListener, RelayQueue) items: 0, rate: 0.65/s (39/min 183/5min 568/15min);
[2017-12-29 20:57:39 +0430] information/WorkQueue: #7 (IdoMysqlConnection, ido-mysql) items: 7, rate: 2.98333/s (179/min 923/5min 112092/15min);
[2017-12-29 20:57:49 +0430] information/WorkQueue: #7 (IdoMysqlConnection, ido-mysql) items: 6, rate: 2.98333/s (179/min 923/5min 112094/15min);
[2017-12-29 20:57:59 +0430] information/WorkQueue: #7 (IdoMysqlConnection, ido-mysql) items: 1, rate: 3.01667/s (181/min 921/5min 112100/15min);
[2017-12-29 20:58:09 +0430] information/WorkQueue: #7 (IdoMysqlConnection, ido-mysql) items: 6, rate: 2.98333/s (179/min 921/5min 112110/15min);
[2017-12-29 20:58:19 +0430] information/WorkQueue: #7 (IdoMysqlConnection, ido-mysql) items: 7, rate: 2.98333/s (179/min 921/5min 112112/15min);
[2017-12-29 20:58:29 +0430] information/WorkQueue: #7 (IdoMysqlConnection, ido-mysql) items: 6, rate:  3/s (180/min 922/5min 112075/15min);
[2017-12-29 20:58:39 +0430] information/WorkQueue: #7 (IdoMysqlConnection, ido-mysql) items: 6, rate: 2.98333/s (179/min 921/5min 112068/15min);
[2017-12-29 20:59:09 +0430] information/WorkQueue: #7 (IdoMysqlConnection, ido-mysql) items: 1, rate: 2.95/s (177/min 919/5min 112072/15min);
[2017-12-29 20:59:19 +0430] information/WorkQueue: #7 (IdoMysqlConnection, ido-mysql) items: 1, rate: 2.98333/s (179/min 921/5min 112076/15min);
[2017-12-29 20:59:29 +0430] information/WorkQueue: #7 (IdoMysqlConnection, ido-mysql) items: 7, rate: 3.01667/s (181/min 923/5min 112054/15min);
[2017-12-29 20:59:39 +0430] information/WorkQueue: #7 (IdoMysqlConnection, ido-mysql) items: 7, rate: 2.98333/s (179/min 921/5min 112050/15min);
[2017-12-29 20:59:49 +0430] information/WorkQueue: #7 (IdoMysqlConnection, ido-mysql) items: 7, rate: 2.98333/s (179/min 921/5min 112052/15min);
[2017-12-29 20:59:59 +0430] information/WorkQueue: #7 (IdoMysqlConnection, ido-mysql) items: 9, rate: 3.1/s (186/min 930/5min 51026/15min);
[2017-12-29 21:00:19 +0430] information/WorkQueue: #7 (IdoMysqlConnection, ido-mysql) items: 1, rate: 3.1/s (186/min 930/5min 2800/15min);
[2017-12-29 21:00:49 +0430] information/WorkQueue: #7 (IdoMysqlConnection, ido-mysql) items: 7, rate: 3.1/s (186/min 930/5min 2788/15min);
[2017-12-29 21:00:59 +0430] information/WorkQueue: #7 (IdoMysqlConnection, ido-mysql) items: 6, rate: 3.1/s (186/min 930/5min 2790/15min);
[2017-12-29 21:01:09 +0430] information/WorkQueue: #7 (IdoMysqlConnection, ido-mysql) items: 6, rate: 3.06667/s (184/min 926/5min 2796/15min);
[2017-12-29 21:01:19 +0430] information/WorkQueue: #7 (IdoMysqlConnection, ido-mysql) items: 1, rate: 3.1/s (186/min 930/5min 2796/15min);
[2017-12-29 21:01:49 +0430] information/WorkQueue: #7 (IdoMysqlConnection, ido-mysql) items: 1, rate: 3.1/s (186/min 930/5min 2788/15min);
[2017-12-29 21:02:09 +0430] information/WorkQueue: #7 (IdoMysqlConnection, ido-mysql) items: 1, rate: 3.1/s (186/min 926/5min 2794/15min);
[2017-12-29 21:02:19 +0430] information/WorkQueue: #7 (IdoMysqlConnection, ido-mysql) items: 1, rate: 3.1/s (186/min 930/5min 2790/15min);
[2017-12-29 21:02:29 +0430] information/WorkQueue: #7 (IdoMysqlConnection, ido-mysql) items: 1, rate: 3.1/s (186/min 932/5min 2790/15min);
[2017-12-29 21:02:29 +0430] information/ConfigObject: Dumping program state to file '/var/lib/icinga2/icinga2.state'
[2017-12-29 21:02:39 +0430] information/WorkQueue: #5 (ApiListener, RelayQueue) items: 0, rate: 0.65/s (39/min 183/5min 546/15min);
[2017-12-29 21:02:39 +0430] information/WorkQueue: #6 (ApiListener, SyncQueue) items: 0, rate:  0/s (0/min 0/5min 0/15min);
[2017-12-29 21:02:39 +0430] information/WorkQueue: #7 (IdoMysqlConnection, ido-mysql) items: 1, rate: 3.1/s (186/min 930/5min 2790/15min);
[2017-12-29 21:02:59 +0430] information/WorkQueue: #7 (IdoMysqlConnection, ido-mysql) items: 4, rate: 2.98333/s (179/min 923/5min 2783/15min);
[2017-12-29 21:03:09 +0430] information/WorkQueue: #7 (IdoMysqlConnection, ido-mysql) items: 1, rate: 3.1/s (186/min 926/5min 2792/15min);
[2017-12-29 21:03:39 +0430] information/WorkQueue: #7 (IdoMysqlConnection, ido-mysql) items: 1, rate: 3.1/s (186/min 930/5min 2790/15min);
[2017-12-29 21:04:59 +0430] information/WorkQueue: #7 (IdoMysqlConnection, ido-mysql) items: 6, rate: 3.1/s (186/min 930/5min 2790/15min);
[2017-12-29 21:05:09 +0430] information/WorkQueue: #7 (IdoMysqlConnection, ido-mysql) items: 6, rate: 3.1/s (186/min 928/5min 2788/15min);
[2017-12-29 21:05:19 +0430] information/WorkQueue: #7 (IdoMysqlConnection, ido-mysql) items: 1, rate: 3.1/s (186/min 928/5min 2786/15min);
[2017-12-29 21:05:29 +0430] information/WorkQueue: #7 (IdoMysqlConnection, ido-mysql) items: 7, rate: 3.1/s (186/min 930/5min 2790/15min);
[2017-12-29 21:05:39 +0430] information/WorkQueue: #7 (IdoMysqlConnection, ido-mysql) items: 1, rate: 3.1/s (186/min 930/5min 2790/15min);
[2017-12-29 21:06:09 +0430] information/WorkQueue: #7 (IdoMysqlConnection, ido-mysql) items: 7, rate: 3.1/s (186/min 930/5min 2786/15min);
[2017-12-29 21:06:19 +0430] information/WorkQueue: #7 (IdoMysqlConnection, ido-mysql) items: 6, rate: 3.06667/s (184/min 926/5min 2784/15min);
[2017-12-29 21:06:29 +0430] information/WorkQueue: #7 (IdoMysqlConnection, ido-mysql) items: 6, rate: 2.95/s (177/min 921/5min 2781/15min);
[2017-12-29 21:06:39 +0430] information/WorkQueue: #7 (IdoMysqlConnection, ido-mysql) items: 1, rate: 3.1/s (186/min 930/5min 2790/15min);
[2017-12-29 21:06:49 +0430] information/WorkQueue: #7 (IdoMysqlConnection, ido-mysql) items: 2, rate: 3.1/s (186/min 930/5min 2790/15min);
[2017-12-29 21:06:59 +0430] information/WorkQueue: #7 (IdoMysqlConnection, ido-mysql) items: 1, rate: 3.13333/s (188/min 932/5min 2790/15min);
[2017-12-29 21:07:09 +0430] information/WorkQueue: #7 (IdoMysqlConnection, ido-mysql) items: 1, rate: 3.1/s (186/min 930/5min 2786/15min);
[2017-12-29 21:07:29 +0430] information/ConfigObject: Dumping program state to file '/var/lib/icinga2/icinga2.state'
[2017-12-29 21:07:39 +0430] information/WorkQueue: #6 (ApiListener, SyncQueue) items: 0, rate:  0/s (0/min 0/5min 0/15min);
[2017-12-29 21:07:39 +0430] information/WorkQueue: #5 (ApiListener, RelayQueue) items: 0, rate: 0.6/s (36/min 180/5min 543/15min);
[2017-12-29 21:07:39 +0430] information/WorkQueue: #7 (IdoMysqlConnection, ido-mysql) items: 1, rate: 3.1/s (186/min 930/5min 2790/15min);
[2017-12-29 21:08:49 +0430] information/WorkQueue: #7 (IdoMysqlConnection, ido-mysql) items: 1, rate: 3.1/s (186/min 930/5min 2788/15min);
[2017-12-29 21:09:29 +0430] information/WorkQueue: #7 (IdoMysqlConnection, ido-mysql) items: 1, rate: 3.1/s (186/min 928/5min 2788/15min);
[2017-12-29 21:10:29 +0430] information/WorkQueue: #7 (IdoMysqlConnection, ido-mysql) items: 7, rate: 3.06667/s (184/min 926/5min 2788/15min);
[2017-12-29 21:10:39 +0430] information/WorkQueue: #7 (IdoMysqlConnection, ido-mysql) items: 7, rate: 3.06667/s (184/min 928/5min 2788/15min);
[2017-12-29 21:10:49 +0430] information/WorkQueue: #7 (IdoMysqlConnection, ido-mysql) items: 5, rate: 3.1/s (186/min 930/5min 2790/15min);
[2017-12-29 21:10:59 +0430] information/WorkQueue: #7 (IdoMysqlConnection, ido-mysql) items: 1, rate: 3.1/s (186/min 932/5min 2792/15min);
[2017-12-29 21:11:09 +0430] information/WorkQueue: #7 (IdoMysqlConnection, ido-mysql) items: 1, rate: 3.1/s (186/min 930/5min 2786/15min);
[2017-12-29 21:11:19 +0430] information/WorkQueue: #7 (IdoMysqlConnection, ido-mysql) items: 6, rate: 3.1/s (186/min 930/5min 2786/15min);
[2017-12-29 21:11:29 +0430] information/WorkQueue: #7 (IdoMysqlConnection, ido-mysql) items: 6, rate: 3.1/s (186/min 928/5min 2788/15min);
[2017-12-29 21:11:39 +0430] information/WorkQueue: #7 (IdoMysqlConnection, ido-mysql) items: 1, rate: 3.1/s (186/min 928/5min 2788/15min);
[2017-12-29 21:11:49 +0430] information/WorkQueue: #7 (IdoMysqlConnection, ido-mysql) items: 6, rate: 3.1/s (186/min 930/5min 2790/15min);
[2017-12-29 21:11:59 +0430] information/WorkQueue: #7 (IdoMysqlConnection, ido-mysql) items: 6, rate: 3.1/s (186/min 930/5min 2794/15min);
[2017-12-29 21:12:09 +0430] information/WorkQueue: #7 (IdoMysqlConnection, ido-mysql) items: 6, rate: 3.1/s (186/min 930/5min 2786/15min);
[2017-12-29 21:12:19 +0430] information/WorkQueue: #7 (IdoMysqlConnection, ido-mysql) items: 1, rate: 3.1/s (186/min 930/5min 2786/15min);
[2017-12-29 21:12:29 +0430] information/ConfigObject: Dumping program state to file '/var/lib/icinga2/icinga2.state'
[2017-12-29 21:12:29 +0430] information/WorkQueue: #7 (IdoMysqlConnection, ido-mysql) items: 7, rate: 3.1/s (186/min 928/5min 2788/15min);
[2017-12-29 21:12:39 +0430] information/WorkQueue: #6 (ApiListener, SyncQueue) items: 0, rate:  0/s (0/min 0/5min 0/15min);
[2017-12-29 21:12:39 +0430] information/WorkQueue: #5 (ApiListener, RelayQueue) items: 0, rate: 0.6/s (36/min 177/5min 537/15min);
[2017-12-29 21:12:39 +0430] information/WorkQueue: #7 (IdoMysqlConnection, ido-mysql) items: 1, rate: 3.1/s (186/min 928/5min 2788/15min);
[2017-12-29 21:13:09 +0430] information/WorkQueue: #7 (IdoMysqlConnection, ido-mysql) items: 6, rate: 3.1/s (186/min 930/5min 2786/15min);
[2017-12-29 21:13:19 +0430] information/WorkQueue: #7 (IdoMysqlConnection, ido-mysql) items: 6, rate: 3.1/s (186/min 930/5min 2786/15min);
[2017-12-29 21:13:29 +0430] information/WorkQueue: #7 (IdoMysqlConnection, ido-mysql) items: 1, rate: 2.95/s (177/min 919/5min 2779/15min);
[2017-12-29 21:13:39 +0430] information/WorkQueue: #7 (IdoMysqlConnection, ido-mysql) items: 6, rate: 3.1/s (186/min 928/5min 2788/15min);
[2017-12-29 21:13:49 +0430] information/WorkQueue: #7 (IdoMysqlConnection, ido-mysql) items: 1, rate: 2.95/s (177/min 921/5min 2781/15min);
[2017-12-29 21:13:59 +0430] information/WorkQueue: #7 (IdoMysqlConnection, ido-mysql) items: 1, rate: 2.95/s (177/min 921/5min 2783/15min);
[2017-12-29 21:14:09 +0430] information/WorkQueue: #7 (IdoMysqlConnection, ido-mysql) items: 1, rate: 2.95/s (177/min 921/5min 2779/15min);
[2017-12-29 21:14:19 +0430] information/WorkQueue: #7 (IdoMysqlConnection, ido-mysql) items: 7, rate: 2.91667/s (175/min 919/5min 2777/15min);
[2017-12-29 21:14:54 +0430] information/Notification: Sending reminder 'Problem' notification 'icinga2-master-1-core.rahona.be!ping6!mail-icingaadmin' for user 'icingaadmin'
[2017-12-29 21:14:54 +0430] information/Notification: Completed sending 'Problem' notification 'icinga2-master-1-core.rahona.be!ping6!mail-icingaadmin' for checkable 'icinga2-master-1-core.rahona.be!ping6' and user 'icingaadmin'.
[2017-12-29 21:14:54 +0430] warning/PluginNotificationTask: Notification command for object 'icinga2-master-1-core.rahona.be!ping6' (PID: 1752, arguments: '/etc/icinga2/scripts/mail-service-notification.sh' '-4' '127.0.0.1' '-6' '::1' '-b' '' '-c' '' '-d' '2017-12-29 21:14:54 +0430' '-e' 'ping6' '-l' 'icinga2-master-1-core.rahona.be' '-n' 'icinga2-master-1-core.rahona.be' '-o' '/bin/ping6 -n -U -w 10 -c 5 ::1
CRITICAL - Could not interpret output from ping command' '-r' 'root@localhost' '-s' 'UNKNOWN' '-t' 'PROBLEM' '-u' 'ping6' '-v' 'false') terminated with exit code 36, output: mail: cannot send message: Process exited with a non-zero status

[2017-12-29 21:14:59 +0430] information/Notification: Sending reminder 'Problem' notification 'icinga2-master-1-core.rahona.be!http!mail-icingaadmin' for user 'icingaadmin'
[2017-12-29 21:14:59 +0430] information/Notification: Completed sending 'Problem' notification 'icinga2-master-1-core.rahona.be!http!mail-icingaadmin' for checkable 'icinga2-master-1-core.rahona.be!http' and user 'icingaadmin'.
[2017-12-29 21:14:59 +0430] warning/PluginNotificationTask: Notification command for object 'icinga2-master-1-core.rahona.be!http' (PID: 1771, arguments: '/etc/icinga2/scripts/mail-service-notification.sh' '-4' '127.0.0.1' '-6' '::1' '-b' '' '-c' '' '-d' '2017-12-29 21:14:59 +0430' '-e' 'http' '-l' 'icinga2-master-1-core.rahona.be' '-n' 'icinga2-master-1-core.rahona.be' '-o' 'connect to address 127.0.0.1 and port 80: Connection refused
HTTP CRITICAL - Unable to open TCP socket' '-r' 'root@localhost' '-s' 'CRITICAL' '-t' 'PROBLEM' '-u' 'http' '-v' 'false') terminated with exit code 36, output: mail: cannot send message: Process exited with a non-zero status

[2017-12-29 21:15:09 +0430] information/Notification: Sending reminder 'Problem' notification 'icinga2-master-1-core.rahona.be!disk!mail-icingaadmin' for user 'icingaadmin'
[2017-12-29 21:15:09 +0430] information/Notification: Completed sending 'Problem' notification 'icinga2-master-1-core.rahona.be!disk!mail-icingaadmin' for checkable 'icinga2-master-1-core.rahona.be!disk' and user 'icingaadmin'.
[2017-12-29 21:15:09 +0430] warning/PluginNotificationTask: Notification command for object 'icinga2-master-1-core.rahona.be!disk' (PID: 1786, arguments: '/etc/icinga2/scripts/mail-service-notification.sh' '-4' '127.0.0.1' '-6' '::1' '-b' '' '-c' '' '-d' '2017-12-29 21:15:09 +0430' '-e' 'disk' '-l' 'icinga2-master-1-core.rahona.be' '-n' 'icinga2-master-1-core.rahona.be' '-o' 'DISK WARNING - free space: / 40598 MB (66% inode=85%); /etc/icinga2 35398 MB (15% inode=99%); /etc/resolv.conf 40598 MB (66% inode=85%); /etc/hostname 40598 MB (66% inode=85%); /etc/hosts 40598 MB (66% inode=85%); /var/cache/icinga2 35398 MB (15% inode=99%); /var/log/icinga2 35398 MB (15% inode=99%); /var/lib/mysql 35398 MB (15% inode=99%); /var/spool/icinga2 35398 MB (15% inode=99%); /run/icinga2 35398 MB (15% inode=99%); /var/lib/icinga2 35398 MB (15% inode=99%); /usr/lib/nagios/plugins 35398 MB (15% inode=99%);' '-r' 'root@localhost' '-s' 'WARNING' '-t' 'PROBLEM' '-u' 'disk' '-v' 'false') terminated with exit code 36, output: mail: cannot send message: Process exited with a non-zero status

[2017-12-29 21:15:19 +0430] information/WorkQueue: #7 (IdoMysqlConnection, ido-mysql) items: 1, rate: 1295.38/s (77723/min 78465/5min 80323/15min);
[2017-12-29 21:15:29 +0430] information/WorkQueue: #7 (IdoMysqlConnection, ido-mysql) items: 1, rate: 1295.42/s (77725/min 78465/5min 80323/15min);
[2017-12-29 21:15:39 +0430] information/WorkQueue: #7 (IdoMysqlConnection, ido-mysql) items: 1, rate: 1295.38/s (77723/min 78463/5min 80323/15min);
[2017-12-29 21:15:49 +0430] information/WorkQueue: #7 (IdoMysqlConnection, ido-mysql) items: 1, rate: 1295.48/s (77729/min 78471/5min 80331/15min);
[2017-12-29 21:15:59 +0430] information/WorkQueue: #7 (IdoMysqlConnection, ido-mysql) items: 5, rate: 559.833/s (33590/min 78467/5min 80329/15min);
[2017-12-29 21:16:09 +0430] information/WorkQueue: #7 (IdoMysqlConnection, ido-mysql) items: 6, rate: 133.333/s (8000/min 78467/5min 80325/15min);
[2017-12-29 21:17:29 +0430] information/ConfigObject: Dumping program state to file '/var/lib/icinga2/icinga2.state'
[2017-12-29 21:17:29 +0430] information/WorkQueue: #7 (IdoMysqlConnection, ido-mysql) items: 6, rate: 2.98333/s (179/min 78467/5min 80323/15min);
[2017-12-29 21:17:39 +0430] information/WorkQueue: #6 (ApiListener, SyncQueue) items: 0, rate:  0/s (0/min 0/5min 0/15min);
[2017-12-29 21:17:39 +0430] information/WorkQueue: #5 (ApiListener, RelayQueue) items: 0, rate: 0.6/s (36/min 186/5min 543/15min);
[2017-12-29 21:17:39 +0430] information/WorkQueue: #7 (IdoMysqlConnection, ido-mysql) items: 6, rate: 2.98333/s (179/min 78465/5min 80323/15min);
[2017-12-29 21:17:59 +0430] information/WorkQueue: #7 (IdoMysqlConnection, ido-mysql) items: 1, rate: 2.98333/s (179/min 78467/5min 80329/15min);
[2017-12-29 21:18:09 +0430] information/WorkQueue: #7 (IdoMysqlConnection, ido-mysql) items: 1, rate: 2.98333/s (179/min 78467/5min 80327/15min);
[2017-12-29 21:18:19 +0430] information/WorkQueue: #7 (IdoMysqlConnection, ido-mysql) items: 6, rate: 2.95/s (177/min 78465/5min 80325/15min);
[2017-12-29 21:18:29 +0430] information/WorkQueue: #7 (IdoMysqlConnection, ido-mysql) items: 6, rate: 2.98333/s (179/min 78468/5min 80323/15min);
[2017-12-29 21:18:59 +0430] information/WorkQueue: #7 (IdoMysqlConnection, ido-mysql) items: 6, rate: 2.95/s (177/min 78467/5min 80327/15min);
[2017-12-29 21:19:09 +0430] information/WorkQueue: #7 (IdoMysqlConnection, ido-mysql) items: 6, rate: 2.98333/s (179/min 78469/5min 80327/15min);
[2017-12-29 21:19:19 +0430] information/WorkQueue: #7 (IdoMysqlConnection, ido-mysql) items: 6, rate: 2.95/s (177/min 78467/5min 80325/15min);
[2017-12-29 21:19:29 +0430] information/WorkQueue: #7 (IdoMysqlConnection, ido-mysql) items: 6, rate: 2.98333/s (179/min 78469/5min 80323/15min);
[2017-12-29 21:19:39 +0430] information/WorkQueue: #7 (IdoMysqlConnection, ido-mysql) items: 1, rate: 2.98333/s (179/min 78467/5min 80323/15min);
[2017-12-29 21:20:09 +0430] information/WorkQueue: #7 (IdoMysqlConnection, ido-mysql) items: 6, rate: 2.98333/s (179/min 8744/5min 80327/15min);
[2017-12-29 21:20:19 +0430] information/WorkQueue: #7 (IdoMysqlConnection, ido-mysql) items: 1, rate: 2.95/s (177/min 921/5min 80323/15min);
[2017-12-29 21:20:29 +0430] information/WorkQueue: #7 (IdoMysqlConnection, ido-mysql) items: 6, rate: 2.98333/s (179/min 923/5min 80323/15min);
[2017-12-29 21:20:39 +0430] information/WorkQueue: #7 (IdoMysqlConnection, ido-mysql) items: 1, rate: 2.98333/s (179/min 923/5min 80323/15min);
[2017-12-29 21:20:49 +0430] information/WorkQueue: #7 (IdoMysqlConnection, ido-mysql) items: 6, rate: 2.95/s (177/min 921/5min 80323/15min);
[2017-12-29 21:20:59 +0430] information/WorkQueue: #7 (IdoMysqlConnection, ido-mysql) items: 1, rate: 2.98333/s (179/min 921/5min 80325/15min);
[2017-12-29 21:21:09 +0430] information/WorkQueue: #7 (IdoMysqlConnection, ido-mysql) items: 7, rate: 2.98333/s (179/min 923/5min 80327/15min);
[2017-12-29 21:21:49 +0430] information/WorkQueue: #7 (IdoMysqlConnection, ido-mysql) items: 7, rate: 2.98333/s (179/min 921/5min 80323/15min);
[2017-12-29 21:21:59 +0430] information/WorkQueue: #7 (IdoMysqlConnection, ido-mysql) items: 1, rate: 2.98333/s (179/min 921/5min 80325/15min);
[2017-12-29 21:22:09 +0430] information/WorkQueue: #7 (IdoMysqlConnection, ido-mysql) items: 1, rate: 2.98333/s (179/min 923/5min 80327/15min);
[2017-12-29 21:22:19 +0430] information/WorkQueue: #7 (IdoMysqlConnection, ido-mysql) items: 1, rate: 2.95/s (177/min 921/5min 80325/15min);
[2017-12-29 21:22:29 +0430] information/ConfigObject: Dumping program state to file '/var/lib/icinga2/icinga2.state'
[2017-12-29 21:22:39 +0430] information/WorkQueue: #5 (ApiListener, RelayQueue) items: 0, rate: 0.6/s (36/min 180/5min 543/15min);
[2017-12-29 21:22:39 +0430] information/WorkQueue: #6 (ApiListener, SyncQueue) items: 0, rate:  0/s (0/min 0/5min 0/15min);
[2017-12-29 21:22:39 +0430] information/WorkQueue: #7 (IdoMysqlConnection, ido-mysql) items: 6, rate: 2.98333/s (179/min 923/5min 80323/15min);
[2017-12-29 21:23:09 +0430] information/WorkQueue: #7 (IdoMysqlConnection, ido-mysql) items: 1, rate: 2.95/s (177/min 921/5min 80325/15min);
[2017-12-29 21:23:29 +0430] information/WorkQueue: #7 (IdoMysqlConnection, ido-mysql) items: 2, rate: 3.1/s (186/min 930/5min 80332/15min);
[2017-12-29 21:23:39 +0430] information/WorkQueue: #7 (IdoMysqlConnection, ido-mysql) items: 7, rate: 2.96667/s (178/min 922/5min 80322/15min);
[2017-12-29 21:23:49 +0430] information/WorkQueue: #7 (IdoMysqlConnection, ido-mysql) items: 8, rate: 3.1/s (186/min 928/5min 80330/15min);
[2017-12-29 21:23:59 +0430] information/WorkQueue: #7 (IdoMysqlConnection, ido-mysql) items: 7, rate: 2.98333/s (179/min 921/5min 80325/15min);
[2017-12-29 21:24:09 +0430] information/WorkQueue: #7 (IdoMysqlConnection, ido-mysql) items: 7, rate: 3.1/s (186/min 928/5min 80332/15min);
[2017-12-29 21:24:59 +0430] information/WorkQueue: #7 (IdoMysqlConnection, ido-mysql) items: 5, rate: 3.06667/s (184/min 928/5min 80330/15min);
[2017-12-29 21:25:19 +0430] information/WorkQueue: #7 (IdoMysqlConnection, ido-mysql) items: 7, rate: 3.1/s (186/min 930/5min 80334/15min);
[2017-12-29 21:25:29 +0430] information/WorkQueue: #7 (IdoMysqlConnection, ido-mysql) items: 6, rate: 3.1/s (186/min 930/5min 80334/15min);
[2017-12-29 21:25:59 +0430] information/WorkQueue: #7 (IdoMysqlConnection, ido-mysql) items: 7, rate: 3.1/s (186/min 928/5min 80330/15min);
[2017-12-29 21:26:09 +0430] information/WorkQueue: #7 (IdoMysqlConnection, ido-mysql) items: 1, rate: 3.1/s (186/min 928/5min 80332/15min);
[2017-12-29 21:26:49 +0430] information/WorkQueue: #7 (IdoMysqlConnection, ido-mysql) items: 6, rate: 3.13333/s (188/min 932/5min 80332/15min);
[2017-12-29 21:26:59 +0430] information/WorkQueue: #7 (IdoMysqlConnection, ido-mysql) items: 7, rate: 3.1/s (186/min 928/5min 80330/15min);
[2017-12-29 21:27:29 +0430] information/ConfigObject: Dumping program state to file '/var/lib/icinga2/icinga2.state'
[2017-12-29 21:27:39 +0430] information/WorkQueue: #5 (ApiListener, RelayQueue) items: 0, rate: 0.6/s (36/min 180/5min 546/15min);
[2017-12-29 21:27:39 +0430] information/WorkQueue: #7 (IdoMysqlConnection, ido-mysql) items: 0, rate: 3.1/s (186/min 930/5min 80332/15min);
[2017-12-29 21:27:39 +0430] information/WorkQueue: #6 (ApiListener, SyncQueue) items: 0, rate:  0/s (0/min 0/5min 0/15min);
[2017-12-29 21:27:49 +0430] information/WorkQueue: #7 (IdoMysqlConnection, ido-mysql) items: 6, rate: 3.1/s (186/min 932/5min 80332/15min);
[2017-12-29 21:28:09 +0430] information/WorkQueue: #7 (IdoMysqlConnection, ido-mysql) items: 1, rate: 2.95/s (177/min 921/5min 80323/15min);
[2017-12-29 21:29:09 +0430] information/WorkQueue: #7 (IdoMysqlConnection, ido-mysql) items: 1, rate: 2.91667/s (175/min 919/5min 80323/15min);
[2017-12-29 21:29:19 +0430] information/WorkQueue: #7 (IdoMysqlConnection, ido-mysql) items: 1, rate: 2.91667/s (175/min 917/5min 80323/15min);
[2017-12-29 21:30:29 +0430] information/WorkQueue: #7 (IdoMysqlConnection, ido-mysql) items: 1, rate: 2.98333/s (179/min 921/5min 2781/15min);
[2017-12-29 21:30:39 +0430] information/WorkQueue: #7 (IdoMysqlConnection, ido-mysql) items: 1, rate: 2.98333/s (179/min 921/5min 2781/15min);
[2017-12-29 21:30:49 +0430] information/WorkQueue: #7 (IdoMysqlConnection, ido-mysql) items: 1, rate: 2.98333/s (179/min 921/5min 2781/15min);
[2017-12-29 21:30:59 +0430] information/WorkQueue: #7 (IdoMysqlConnection, ido-mysql) items: 5, rate: 2.98333/s (179/min 921/5min 2777/15min);
[2017-12-29 21:31:09 +0430] information/WorkQueue: #7 (IdoMysqlConnection, ido-mysql) items: 6, rate: 2.98333/s (179/min 919/5min 2777/15min);
[2017-12-29 21:31:29 +0430] information/WorkQueue: #7 (IdoMysqlConnection, ido-mysql) items: 3, rate:  3/s (180/min 922/5min 2782/15min);
[2017-12-29 21:31:49 +0430] information/WorkQueue: #7 (IdoMysqlConnection, ido-mysql) items: 1, rate: 2.98333/s (179/min 921/5min 2781/15min);
[2017-12-29 21:32:29 +0430] information/ConfigObject: Dumping program state to file '/var/lib/icinga2/icinga2.state'
[2017-12-29 21:32:29 +0430] information/WorkQueue: #7 (IdoMysqlConnection, ido-mysql) items: 6, rate: 2.98333/s (179/min 919/5min 2779/15min);
[2017-12-29 21:32:39 +0430] information/WorkQueue: #7 (IdoMysqlConnection, ido-mysql) items: 6, rate: 2.98333/s (179/min 921/5min 2781/15min);
[2017-12-29 21:32:39 +0430] information/WorkQueue: #5 (ApiListener, RelayQueue) items: 0, rate: 0.6/s (36/min 180/5min 540/15min);
[2017-12-29 21:32:39 +0430] information/WorkQueue: #6 (ApiListener, SyncQueue) items: 0, rate:  0/s (0/min 0/5min 0/15min);
[2017-12-29 21:32:49 +0430] information/WorkQueue: #7 (IdoMysqlConnection, ido-mysql) items: 1, rate: 2.98333/s (179/min 921/5min 2781/15min);
[2017-12-29 21:33:49 +0430] information/WorkQueue: #7 (IdoMysqlConnection, ido-mysql) items: 1, rate: 2.98333/s (179/min 922/5min 2781/15min);
[2017-12-29 21:33:59 +0430] information/WorkQueue: #7 (IdoMysqlConnection, ido-mysql) items: 1, rate: 2.98333/s (179/min 922/5min 2777/15min);
[2017-12-29 21:34:09 +0430] information/WorkQueue: #7 (IdoMysqlConnection, ido-mysql) items: 6, rate: 2.98333/s (179/min 923/5min 2777/15min);
[2017-12-29 21:34:19 +0430] information/WorkQueue: #7 (IdoMysqlConnection, ido-mysql) items: 1, rate: 2.95/s (177/min 919/5min 2775/15min);
[2017-12-29 21:34:29 +0430] information/WorkQueue: #7 (IdoMysqlConnection, ido-mysql) items: 1, rate: 2.98333/s (179/min 921/5min 2779/15min);
[2017-12-29 21:35:29 +0430] information/WorkQueue: #7 (IdoMysqlConnection, ido-mysql) items: 6, rate: 2.98333/s (179/min 921/5min 2779/15min);
[2017-12-29 21:35:39 +0430] information/WorkQueue: #7 (IdoMysqlConnection, ido-mysql) items: 1, rate: 2.95/s (177/min 921/5min 2779/15min);
[2017-12-29 21:35:49 +0430] information/WorkQueue: #7 (IdoMysqlConnection, ido-mysql) items: 7, rate: 2.98333/s (179/min 923/5min 2783/15min);
[2017-12-29 21:36:09 +0430] information/WorkQueue: #7 (IdoMysqlConnection, ido-mysql) items: 1, rate: 2.98333/s (179/min 923/5min 2777/15min);
[2017-12-29 21:36:19 +0430] information/WorkQueue: #7 (IdoMysqlConnection, ido-mysql) items: 7, rate: 2.95/s (177/min 919/5min 2775/15min);
[2017-12-29 21:36:29 +0430] information/WorkQueue: #7 (IdoMysqlConnection, ido-mysql) items: 7, rate: 2.98333/s (179/min 923/5min 2779/15min);
[2017-12-29 21:36:39 +0430] information/WorkQueue: #7 (IdoMysqlConnection, ido-mysql) items: 6, rate: 2.98333/s (179/min 921/5min 2779/15min);
[2017-12-29 21:37:29 +0430] information/ConfigObject: Dumping program state to file '/var/lib/icinga2/icinga2.state'
[2017-12-29 21:37:39 +0430] information/WorkQueue: #5 (ApiListener, RelayQueue) items: 0, rate: 0.6/s (36/min 180/5min 537/15min);
[2017-12-29 21:37:39 +0430] information/WorkQueue: #7 (IdoMysqlConnection, ido-mysql) items: 0, rate: 2.98333/s (179/min 921/5min 2779/15min);
[2017-12-29 21:37:39 +0430] information/WorkQueue: #6 (ApiListener, SyncQueue) items: 0, rate:  0/s (0/min 0/5min 0/15min);
[2017-12-29 21:37:59 +0430] information/WorkQueue: #7 (IdoMysqlConnection, ido-mysql) items: 1, rate: 2.98333/s (179/min 923/5min 2779/15min);
[2017-12-29 21:38:59 +0430] information/WorkQueue: #7 (IdoMysqlConnection, ido-mysql) items: 6, rate: 2.98333/s (179/min 923/5min 2779/15min);
[2017-12-29 21:39:19 +0430] information/WorkQueue: #7 (IdoMysqlConnection, ido-mysql) items: 5, rate:  3/s (180/min 924/5min 2778/15min);
[2017-12-29 21:39:29 +0430] information/WorkQueue: #7 (IdoMysqlConnection, ido-mysql) items: 1, rate: 2.98333/s (179/min 921/5min 2777/15min);
[2017-12-29 21:39:39 +0430] information/WorkQueue: #7 (IdoMysqlConnection, ido-mysql) items: 6, rate: 2.98333/s (179/min 921/5min 2779/15min);
[2017-12-29 21:39:49 +0430] information/WorkQueue: #7 (IdoMysqlConnection, ido-mysql) items: 7, rate: 2.95/s (177/min 921/5min 2779/15min);
[2017-12-29 21:39:59 +0430] information/WorkQueue: #7 (IdoMysqlConnection, ido-mysql) items: 6, rate: 2.98333/s (179/min 923/5min 2781/15min);
[2017-12-29 21:40:09 +0430] information/WorkQueue: #7 (IdoMysqlConnection, ido-mysql) items: 2, rate: 2.98333/s (179/min 923/5min 2779/15min);
[2017-12-29 21:40:19 +0430] information/WorkQueue: #7 (IdoMysqlConnection, ido-mysql) items: 1, rate: 2.98333/s (179/min 923/5min 2777/15min);
[2017-12-29 21:40:49 +0430] information/WorkQueue: #7 (IdoMysqlConnection, ido-mysql) items: 1, rate: 2.98333/s (179/min 921/5min 2779/15min);
[2017-12-29 21:41:29 +0430] information/WorkQueue: #7 (IdoMysqlConnection, ido-mysql) items: 1, rate: 2.98333/s (179/min 921/5min 2777/15min);
[2017-12-29 21:41:39 +0430] information/WorkQueue: #7 (IdoMysqlConnection, ido-mysql) items: 3, rate: 3.1/s (186/min 930/5min 2786/15min);
[2017-12-29 21:41:49 +0430] information/WorkQueue: #7 (IdoMysqlConnection, ido-mysql) items: 1, rate: 3.1/s (186/min 928/5min 2786/15min);
[2017-12-29 21:42:09 +0430] information/WorkQueue: #7 (IdoMysqlConnection, ido-mysql) items: 1, rate: 3.1/s (186/min 930/5min 2786/15min);
[2017-12-29 21:42:19 +0430] information/WorkQueue: #7 (IdoMysqlConnection, ido-mysql) items: 7, rate: 2.96667/s (178/min 922/5min 2778/15min);
[2017-12-29 21:42:29 +0430] information/ConfigObject: Dumping program state to file '/var/lib/icinga2/icinga2.state'
[2017-12-29 21:42:29 +0430] information/WorkQueue: #7 (IdoMysqlConnection, ido-mysql) items: 1, rate: 3.1/s (186/min 930/5min 2784/15min);
[2017-12-29 21:42:39 +0430] information/WorkQueue: #5 (ApiListener, RelayQueue) items: 0, rate: 0.6/s (36/min 178/5min 535/15min);
[2017-12-29 21:42:39 +0430] information/WorkQueue: #6 (ApiListener, SyncQueue) items: 0, rate:  0/s (0/min 0/5min 0/15min);
[2017-12-29 21:43:09 +0430] information/WorkQueue: #7 (IdoMysqlConnection, ido-mysql) items: 1, rate: 3.1/s (186/min 930/5min 2788/15min);
[2017-12-29 21:43:19 +0430] information/WorkQueue: #7 (IdoMysqlConnection, ido-mysql) items: 9, rate: 2.95/s (177/min 921/5min 2777/15min);
[2017-12-29 21:43:29 +0430] information/WorkQueue: #7 (IdoMysqlConnection, ido-mysql) items: 6, rate: 3.1/s (186/min 930/5min 2784/15min);
[2017-12-29 21:43:39 +0430] information/WorkQueue: #7 (IdoMysqlConnection, ido-mysql) items: 7, rate: 3.1/s (186/min 928/5min 2784/15min);
[2017-12-29 21:44:19 +0430] information/WorkQueue: #7 (IdoMysqlConnection, ido-mysql) items: 1, rate: 2.95/s (177/min 921/5min 2779/15min);
[2017-12-29 21:44:39 +0430] information/WorkQueue: #7 (IdoMysqlConnection, ido-mysql) items: 1, rate: 2.95/s (177/min 919/5min 2777/15min);
[2017-12-29 21:44:55 +0430] information/Notification: Sending reminder 'Problem' notification 'icinga2-master-1-core.rahona.be!ping6!mail-icingaadmin' for user 'icingaadmin'
[2017-12-29 21:44:55 +0430] information/Notification: Completed sending 'Problem' notification 'icinga2-master-1-core.rahona.be!ping6!mail-icingaadmin' for checkable 'icinga2-master-1-core.rahona.be!ping6' and user 'icingaadmin'.
[2017-12-29 21:44:55 +0430] warning/PluginNotificationTask: Notification command for object 'icinga2-master-1-core.rahona.be!ping6' (PID: 3093, arguments: '/etc/icinga2/scripts/mail-service-notification.sh' '-4' '127.0.0.1' '-6' '::1' '-b' '' '-c' '' '-d' '2017-12-29 21:44:55 +0430' '-e' 'ping6' '-l' 'icinga2-master-1-core.rahona.be' '-n' 'icinga2-master-1-core.rahona.be' '-o' '/bin/ping6 -n -U -w 10 -c 5 ::1
CRITICAL - Could not interpret output from ping command' '-r' 'root@localhost' '-s' 'UNKNOWN' '-t' 'PROBLEM' '-u' 'ping6' '-v' 'false') terminated with exit code 36, output: mail: cannot send message: Process exited with a non-zero status

[2017-12-29 21:45:00 +0430] information/Notification: Sending reminder 'Problem' notification 'icinga2-master-1-core.rahona.be!http!mail-icingaadmin' for user 'icingaadmin'
[2017-12-29 21:45:00 +0430] information/Notification: Completed sending 'Problem' notification 'icinga2-master-1-core.rahona.be!http!mail-icingaadmin' for checkable 'icinga2-master-1-core.rahona.be!http' and user 'icingaadmin'.
[2017-12-29 21:45:00 +0430] warning/PluginNotificationTask: Notification command for object 'icinga2-master-1-core.rahona.be!http' (PID: 3111, arguments: '/etc/icinga2/scripts/mail-service-notification.sh' '-4' '127.0.0.1' '-6' '::1' '-b' '' '-c' '' '-d' '2017-12-29 21:45:00 +0430' '-e' 'http' '-l' 'icinga2-master-1-core.rahona.be' '-n' 'icinga2-master-1-core.rahona.be' '-o' 'connect to address 127.0.0.1 and port 80: Connection refused
HTTP CRITICAL - Unable to open TCP socket' '-r' 'root@localhost' '-s' 'CRITICAL' '-t' 'PROBLEM' '-u' 'http' '-v' 'false') terminated with exit code 36, output: mail: cannot send message: Process exited with a non-zero status

[2017-12-29 21:45:10 +0430] information/Notification: Sending reminder 'Problem' notification 'icinga2-master-1-core.rahona.be!disk!mail-icingaadmin' for user 'icingaadmin'
[2017-12-29 21:45:10 +0430] information/Notification: Completed sending 'Problem' notification 'icinga2-master-1-core.rahona.be!disk!mail-icingaadmin' for checkable 'icinga2-master-1-core.rahona.be!disk' and user 'icingaadmin'.
[2017-12-29 21:45:10 +0430] warning/PluginNotificationTask: Notification command for object 'icinga2-master-1-core.rahona.be!disk' (PID: 3129, arguments: '/etc/icinga2/scripts/mail-service-notification.sh' '-4' '127.0.0.1' '-6' '::1' '-b' '' '-c' '' '-d' '2017-12-29 21:45:10 +0430' '-e' 'disk' '-l' 'icinga2-master-1-core.rahona.be' '-n' 'icinga2-master-1-core.rahona.be' '-o' 'DISK WARNING - free space: / 40598 MB (66% inode=85%); /etc/icinga2 35393 MB (15% inode=99%); /etc/resolv.conf 40598 MB (66% inode=85%); /etc/hostname 40598 MB (66% inode=85%); /etc/hosts 40598 MB (66% inode=85%); /var/cache/icinga2 35393 MB (15% inode=99%); /var/log/icinga2 35393 MB (15% inode=99%); /var/lib/mysql 35393 MB (15% inode=99%); /var/spool/icinga2 35393 MB (15% inode=99%); /run/icinga2 35393 MB (15% inode=99%); /var/lib/icinga2 35393 MB (15% inode=99%); /usr/lib/nagios/plugins 35393 MB (15% inode=99%);' '-r' 'root@localhost' '-s' 'WARNING' '-t' 'PROBLEM' '-u' 'disk' '-v' 'false') terminated with exit code 36, output: mail: cannot send message: Process exited with a non-zero status

[2017-12-29 21:45:29 +0430] information/WorkQueue: #7 (IdoMysqlConnection, ido-mysql) items: 6, rate: 2370.48/s (142229/min 142971/5min 144827/15min);
[2017-12-29 21:45:39 +0430] information/WorkQueue: #7 (IdoMysqlConnection, ido-mysql) items: 7, rate: 2370.48/s (142229/min 142969/5min 144827/15min);
[2017-12-29 21:45:49 +0430] information/WorkQueue: #7 (IdoMysqlConnection, ido-mysql) items: 7, rate: 2370.48/s (142229/min 142971/5min 144829/15min);
[2017-12-29 21:45:59 +0430] information/WorkQueue: #7 (IdoMysqlConnection, ido-mysql) items: 6, rate: 1551.33/s (93080/min 142969/5min 144829/15min);
[2017-12-29 21:46:09 +0430] information/WorkQueue: #7 (IdoMysqlConnection, ido-mysql) items: 1, rate: 746.117/s (44767/min 142971/5min 144831/15min);
[2017-12-29 21:46:19 +0430] information/WorkQueue: #7 (IdoMysqlConnection, ido-mysql) items: 1, rate: 2.98333/s (179/min 142971/5min 144829/15min);
[2017-12-29 21:46:29 +0430] information/WorkQueue: #7 (IdoMysqlConnection, ido-mysql) items: 6, rate: 2.98333/s (179/min 142971/5min 144829/15min);
[2017-12-29 21:46:39 +0430] information/WorkQueue: #7 (IdoMysqlConnection, ido-mysql) items: 6, rate: 2.98333/s (179/min 142969/5min 144827/15min);
[2017-12-29 21:46:59 +0430] information/WorkQueue: #7 (IdoMysqlConnection, ido-mysql) items: 6, rate: 2.98333/s (179/min 142969/5min 144829/15min);
[2017-12-29 21:47:09 +0430] information/WorkQueue: #7 (IdoMysqlConnection, ido-mysql) items: 7, rate: 2.95/s (177/min 142969/5min 144829/15min);
[2017-12-29 21:47:19 +0430] information/WorkQueue: #7 (IdoMysqlConnection, ido-mysql) items: 6, rate: 2.98333/s (179/min 142971/5min 144829/15min);
[2017-12-29 21:47:29 +0430] information/ConfigObject: Dumping program state to file '/var/lib/icinga2/icinga2.state'
[2017-12-29 21:47:39 +0430] information/WorkQueue: #5 (ApiListener, RelayQueue) items: 0, rate: 0.6/s (36/min 186/5min 543/15min);
[2017-12-29 21:47:39 +0430] information/WorkQueue: #6 (ApiListener, SyncQueue) items: 0, rate:  0/s (0/min 0/5min 0/15min);
[2017-12-29 21:47:39 +0430] information/WorkQueue: #7 (IdoMysqlConnection, ido-mysql) items: 6, rate: 2.98333/s (179/min 142971/5min 144827/15min);
[2017-12-29 21:49:59 +0430] information/WorkQueue: #7 (IdoMysqlConnection, ido-mysql) items: 6, rate: 2.98333/s (179/min 93824/5min 144829/15min);
[2017-12-29 21:50:09 +0430] information/WorkQueue: #7 (IdoMysqlConnection, ido-mysql) items: 6, rate: 2.98333/s (179/min 45509/5min 144829/15min);
[2017-12-29 21:50:19 +0430] information/WorkQueue: #7 (IdoMysqlConnection, ido-mysql) items: 1, rate: 2.98333/s (179/min 923/5min 144831/15min);
[2017-12-29 21:50:30 +0430] information/WorkQueue: #7 (IdoMysqlConnection, ido-mysql) items: 7, rate: 2.98333/s (179/min 923/5min 144829/15min);
[2017-12-29 21:50:40 +0430] information/WorkQueue: #7 (IdoMysqlConnection, ido-mysql) items: 6, rate: 2.98333/s (179/min 923/5min 144829/15min);
[2017-12-29 21:50:50 +0430] information/WorkQueue: #7 (IdoMysqlConnection, ido-mysql) items: 7, rate: 2.98333/s (179/min 921/5min 144827/15min);
[2017-12-29 21:51:00 +0430] information/WorkQueue: #7 (IdoMysqlConnection, ido-mysql) items: 7, rate: 2.98333/s (179/min 923/5min 144829/15min);
[2017-12-29 21:51:10 +0430] information/WorkQueue: #7 (IdoMysqlConnection, ido-mysql) items: 6, rate: 2.98333/s (179/min 921/5min 144829/15min);
[2017-12-29 21:51:20 +0430] information/WorkQueue: #7 (IdoMysqlConnection, ido-mysql) items: 1, rate: 2.95/s (177/min 921/5min 144829/15min);
[2017-12-29 21:51:30 +0430] information/WorkQueue: #7 (IdoMysqlConnection, ido-mysql) items: 7, rate: 3.1/s (186/min 923/5min 144829/15min);
[2017-12-29 21:52:00 +0430] information/WorkQueue: #7 (IdoMysqlConnection, ido-mysql) items: 6, rate: 3.06667/s (184/min 921/5min 144827/15min);
[2017-12-29 21:52:10 +0430] information/WorkQueue: #7 (IdoMysqlConnection, ido-mysql) items: 1, rate: 3.1/s (186/min 923/5min 144829/15min);
[2017-12-29 21:52:20 +0430] information/WorkQueue: #7 (IdoMysqlConnection, ido-mysql) items: 1, rate: 3.1/s (186/min 921/5min 144829/15min);
[2017-12-29 21:52:29 +0430] information/ConfigObject: Dumping program state to file '/var/lib/icinga2/icinga2.state'
[2017-12-29 21:52:30 +0430] information/WorkQueue: #7 (IdoMysqlConnection, ido-mysql) items: 1, rate: 3.1/s (186/min 923/5min 144829/15min);
[2017-12-29 21:52:40 +0430] information/WorkQueue: #6 (ApiListener, SyncQueue) items: 0, rate:  0/s (0/min 0/5min 0/15min);
[2017-12-29 21:52:40 +0430] information/WorkQueue: #7 (IdoMysqlConnection, ido-mysql) items: 0, rate: 3.1/s (186/min 923/5min 144829/15min);
[2017-12-29 21:52:40 +0430] information/WorkQueue: #5 (ApiListener, RelayQueue) items: 0, rate: 0.6/s (36/min 180/5min 546/15min);
[2017-12-29 21:52:50 +0430] information/WorkQueue: #7 (IdoMysqlConnection, ido-mysql) items: 1, rate: 3.1/s (186/min 923/5min 144827/15min);
[2017-12-29 21:53:20 +0430] information/WorkQueue: #7 (IdoMysqlConnection, ido-mysql) items: 1, rate: 3.1/s (186/min 921/5min 144829/15min);
[2017-12-29 21:53:50 +0430] information/WorkQueue: #7 (IdoMysqlConnection, ido-mysql) items: 7, rate: 3.1/s (186/min 923/5min 144827/15min);
[2017-12-29 21:54:00 +0430] information/WorkQueue: #7 (IdoMysqlConnection, ido-mysql) items: 7, rate: 3.1/s (186/min 921/5min 144827/15min);
[2017-12-29 21:54:10 +0430] information/WorkQueue: #7 (IdoMysqlConnection, ido-mysql) items: 6, rate: 3.1/s (186/min 923/5min 144829/15min);
[2017-12-29 21:54:20 +0430] information/WorkQueue: #7 (IdoMysqlConnection, ido-mysql) items: 1, rate: 3.1/s (186/min 921/5min 144829/15min);
[2017-12-29 21:54:30 +0430] information/WorkQueue: #7 (IdoMysqlConnection, ido-mysql) items: 6, rate: 3.1/s (186/min 923/5min 144831/15min);
[2017-12-29 21:54:40 +0430] information/WorkQueue: #7 (IdoMysqlConnection, ido-mysql) items: 6, rate: 3.1/s (186/min 923/5min 144829/15min);
[2017-12-29 21:54:50 +0430] information/WorkQueue: #7 (IdoMysqlConnection, ido-mysql) items: 6, rate: 3.1/s (186/min 923/5min 144829/15min);
[2017-12-29 21:55:00 +0430] information/WorkQueue: #7 (IdoMysqlConnection, ido-mysql) items: 1, rate: 3.1/s (186/min 921/5min 144827/15min);
[2017-12-29 21:56:00 +0430] information/WorkQueue: #7 (IdoMysqlConnection, ido-mysql) items: 2, rate: 3.06667/s (184/min 926/5min 144825/15min);
[2017-12-29 21:56:10 +0430] information/WorkQueue: #7 (IdoMysqlConnection, ido-mysql) items: 2, rate: 3.03333/s (182/min 926/5min 144825/15min);
[2017-12-29 21:56:30 +0430] information/WorkQueue: #7 (IdoMysqlConnection, ido-mysql) items: 6, rate: 3.1/s (186/min 926/5min 144827/15min);
[2017-12-29 21:57:10 +0430] information/WorkQueue: #7 (IdoMysqlConnection, ido-mysql) items: 3, rate: 3.1/s (186/min 926/5min 144825/15min);
[2017-12-29 21:57:20 +0430] information/WorkQueue: #7 (IdoMysqlConnection, ido-mysql) items: 5, rate: 2.96667/s (178/min 920/5min 144826/15min);
[2017-12-29 21:57:29 +0430] information/ConfigObject: Dumping program state to file '/var/lib/icinga2/icinga2.state'
[2017-12-29 21:57:40 +0430] information/WorkQueue: #6 (ApiListener, SyncQueue) items: 0, rate:  0/s (0/min 0/5min 0/15min);
[2017-12-29 21:57:40 +0430] information/WorkQueue: #7 (IdoMysqlConnection, ido-mysql) items: 0, rate: 3.1/s (186/min 928/5min 144829/15min);
[2017-12-29 21:57:40 +0430] information/WorkQueue: #5 (ApiListener, RelayQueue) items: 0, rate: 0.6/s (36/min 180/5min 545/15min);
[2017-12-29 21:58:00 +0430] information/WorkQueue: #7 (IdoMysqlConnection, ido-mysql) items: 7, rate: 2.93333/s (176/min 918/5min 144822/15min);
[2017-12-29 21:58:36 +0430] information/ExternalCommandListener: Executing external command: [1514568516] SCHEDULE_FORCED_SVC_CHECK;icinga2-master-1-core.rahona.be;disk;1514568516
[2017-12-29 21:58:40 +0430] information/WorkQueue: #7 (IdoMysqlConnection, ido-mysql) items: 6, rate: 3.16667/s (190/min 932/5min 144833/15min);
[2017-12-29 21:58:50 +0430] information/WorkQueue: #7 (IdoMysqlConnection, ido-mysql) items: 7, rate: 3.13333/s (188/min 930/5min 144829/15min);
[2017-12-29 21:59:00 +0430] information/WorkQueue: #7 (IdoMysqlConnection, ido-mysql) items: 6, rate: 3.13333/s (188/min 930/5min 144830/15min);
[2017-12-29 21:59:10 +0430] information/WorkQueue: #7 (IdoMysqlConnection, ido-mysql) items: 1, rate: 3.13333/s (188/min 928/5min 144829/15min);
[2017-12-29 21:59:50 +0430] information/WorkQueue: #7 (IdoMysqlConnection, ido-mysql) items: 6, rate: 3.1/s (186/min 930/5min 144831/15min);
[2017-12-29 22:00:10 +0430] information/WorkQueue: #7 (IdoMysqlConnection, ido-mysql) items: 1, rate: 3.1/s (186/min 928/5min 47367/15min);
[2017-12-29 22:00:20 +0430] information/WorkQueue: #7 (IdoMysqlConnection, ido-mysql) items: 1, rate: 3.06667/s (184/min 929/5min 2779/15min);
[2017-12-29 22:00:30 +0430] information/WorkQueue: #7 (IdoMysqlConnection, ido-mysql) items: 6, rate: 3.1/s (186/min 932/5min 2781/15min);
[2017-12-29 22:00:40 +0430] information/WorkQueue: #7 (IdoMysqlConnection, ido-mysql) items: 6, rate: 3.1/s (186/min 932/5min 2783/15min);
[2017-12-29 22:01:00 +0430] information/WorkQueue: #7 (IdoMysqlConnection, ido-mysql) items: 1, rate: 3.1/s (186/min 932/5min 2781/15min);
[2017-12-29 22:02:29 +0430] information/ConfigObject: Dumping program state to file '/var/lib/icinga2/icinga2.state'
[2017-12-29 22:02:40 +0430] information/WorkQueue: #6 (ApiListener, SyncQueue) items: 0, rate:  0/s (0/min 0/5min 0/15min);
[2017-12-29 22:02:40 +0430] information/WorkQueue: #5 (ApiListener, RelayQueue) items: 0, rate: 0.65/s (39/min 185/5min 543/15min);
[2017-12-29 22:02:40 +0430] information/WorkQueue: #7 (IdoMysqlConnection, ido-mysql) items: 7, rate: 3.1/s (186/min 932/5min 2783/15min);
[2017-12-29 22:03:30 +0430] information/WorkQueue: #7 (IdoMysqlConnection, ido-mysql) items: 6, rate: 3.1/s (186/min 932/5min 2781/15min);
[2017-12-29 22:03:40 +0430] information/WorkQueue: #7 (IdoMysqlConnection, ido-mysql) items: 1, rate: 3.1/s (186/min 928/5min 2783/15min);
[2017-12-29 22:03:50 +0430] information/WorkQueue: #7 (IdoMysqlConnection, ido-mysql) items: 1, rate: 3.06667/s (184/min 928/5min 2781/15min);
[2017-12-29 22:04:00 +0430] information/WorkQueue: #7 (IdoMysqlConnection, ido-mysql) items: 6, rate: 3.1/s (186/min 930/5min 2781/15min);
[2017-12-29 22:04:50 +0430] information/WorkQueue: #7 (IdoMysqlConnection, ido-mysql) items: 1, rate: 3.1/s (186/min 928/5min 2781/15min);
[2017-12-29 22:06:10 +0430] information/WorkQueue: #7 (IdoMysqlConnection, ido-mysql) items: 1, rate: 2.93333/s (176/min 919/5min 2777/15min);
