[1509566771] LOG ROTATION: HOURLY
[1509566771] LOG VERSION: 2.0
[1509566771] CURRENT HOST STATE: icinga2-master.rahona.be;DOWN;SOFT;1;
[1509566771] CURRENT SERVICE STATE: icinga2-master.rahona.be;apt;UNKNOWN;SOFT;1;
[1509566771] CURRENT SERVICE STATE: icinga2-master.rahona.be;ping4;UNKNOWN;SOFT;1;
[1509566771] CURRENT SERVICE STATE: icinga2-master.rahona.be;ping6;UNKNOWN;SOFT;1;
[1509566771] CURRENT SERVICE STATE: icinga2-master.rahona.be;disk;UNKNOWN;SOFT;1;
[1509566771] CURRENT SERVICE STATE: icinga2-master.rahona.be;http;UNKNOWN;SOFT;1;
[1509566771] CURRENT SERVICE STATE: icinga2-master.rahona.be;disk /;UNKNOWN;SOFT;1;
[1509566771] CURRENT SERVICE STATE: icinga2-master.rahona.be;icinga;UNKNOWN;SOFT;1;
[1509566771] CURRENT SERVICE STATE: icinga2-master.rahona.be;load;UNKNOWN;SOFT;1;
[1509566771] CURRENT SERVICE STATE: icinga2-master.rahona.be;procs;UNKNOWN;SOFT;1;
[1509566771] CURRENT SERVICE STATE: icinga2-master.rahona.be;users;UNKNOWN;SOFT;1;
[1509566771] CURRENT SERVICE STATE: icinga2-master.rahona.be;swap;UNKNOWN;SOFT;1;
[1509566828] SERVICE ALERT: icinga2-master.rahona.be;users;OK;HARD;1;USERS OK - 0 users currently logged in 
[1509566828] SERVICE ALERT: icinga2-master.rahona.be;disk /;OK;HARD;1;DISK OK - free space: / 57715 MB (94% inode=98%):
[1509566830] SERVICE ALERT: icinga2-master.rahona.be;swap;OK;HARD;1;SWAP OK - 100% free (1023 MB out of 1023 MB) 
[1509566830] SERVICE ALERT: icinga2-master.rahona.be;icinga;OK;HARD;1;Icinga 2 has been running for 59 seconds. Version: r2.7.1-1
[1509566830] SERVICE ALERT: icinga2-master.rahona.be;ping6;UNKNOWN;SOFT;2;/bin/ping6 -n -U -w 10 -c 5 ::1
[1509566830] SERVICE ALERT: icinga2-master.rahona.be;disk;OK;HARD;1;DISK OK - free space: / 57715 MB (94% inode=98%): /etc/icinga2 61847 MB (26% inode=99%): /etc/resolv.conf 57715 MB (94% inode=98%): /etc/hostname 57715 MB (94% inode=98%): /etc/hosts 57715 MB (94% inode=98%): /var/lib/icinga2 61847 MB (26% inode=99%): /etc/apache2/ssl 61847 MB (26% inode=99%): /var/log/apache2 61847 MB (26% inode=99%): /var/log/icinga2 61847 MB (26% inode=99%): /var/cache/icinga2 61847 MB (26% inode=99%): /var/lib/php5/sessions 61847 MB (26% inode=99%):
[1509566830] SERVICE ALERT: icinga2-master.rahona.be;procs;OK;HARD;1;PROCS OK: 9 processes 
[1509566830] SERVICE ALERT: icinga2-master.rahona.be;http;CRITICAL;SOFT;2;connect to address 127.0.0.1 and port 80: Connection refused
[1509566830] SERVICE ALERT: icinga2-master.rahona.be;apt;OK;HARD;1;APT OK: 0 packages available for upgrade (0 critical updates). 
[1509566831] SERVICE ALERT: icinga2-master.rahona.be;load;OK;HARD;1;OK - load average: 0.20, 0.29, 0.18
[1509566835] HOST ALERT: icinga2-master.rahona.be;UP;HARD;1;PING OK - Packet loss = 0%, RTA = 0.12 ms
[1509566835] SERVICE ALERT: icinga2-master.rahona.be;ping4;OK;HARD;1;PING OK - Packet loss = 0%, RTA = 0.08 ms
[1509566859] SERVICE ALERT: icinga2-master.rahona.be;ping6;UNKNOWN;SOFT;3;/bin/ping6 -n -U -w 10 -c 5 ::1
[1509566859] SERVICE ALERT: icinga2-master.rahona.be;http;CRITICAL;SOFT;3;connect to address 127.0.0.1 and port 80: Connection refused
[1509566927] LOG ROTATION: HOURLY
[1509566927] LOG VERSION: 2.0
[1509566927] CURRENT HOST STATE: icinga2-master.rahona.be;DOWN;SOFT;1;
[1509566927] CURRENT SERVICE STATE: icinga2-master.rahona.be;apt;UNKNOWN;SOFT;1;
[1509566927] CURRENT SERVICE STATE: icinga2-master.rahona.be;ping6;UNKNOWN;SOFT;1;
[1509566927] CURRENT SERVICE STATE: icinga2-master.rahona.be;http;UNKNOWN;SOFT;1;
[1509566927] CURRENT SERVICE STATE: icinga2-master.rahona.be;disk;UNKNOWN;SOFT;1;
[1509566927] CURRENT SERVICE STATE: icinga2-master.rahona.be;disk /;UNKNOWN;SOFT;1;
[1509566927] CURRENT SERVICE STATE: icinga2-master.rahona.be;icinga;UNKNOWN;SOFT;1;
[1509566927] CURRENT SERVICE STATE: icinga2-master.rahona.be;load;UNKNOWN;SOFT;1;
[1509566927] CURRENT SERVICE STATE: icinga2-master.rahona.be;procs;UNKNOWN;SOFT;1;
[1509566927] CURRENT SERVICE STATE: icinga2-master.rahona.be;swap;UNKNOWN;SOFT;1;
[1509566927] CURRENT SERVICE STATE: icinga2-master.rahona.be;users;UNKNOWN;SOFT;1;
[1509566927] CURRENT SERVICE STATE: icinga2-master.rahona.be;ping4;UNKNOWN;SOFT;1;
[1509567409] LOG ROTATION: HOURLY
[1509567409] LOG VERSION: 2.0
[1509567409] CURRENT HOST STATE: icinga2-master.rahona.be;DOWN;SOFT;1;
[1509567409] CURRENT SERVICE STATE: icinga2-master.rahona.be;apt;UNKNOWN;SOFT;1;
[1509567409] CURRENT SERVICE STATE: icinga2-master.rahona.be;ping4;UNKNOWN;SOFT;1;
[1509567409] CURRENT SERVICE STATE: icinga2-master.rahona.be;ping6;UNKNOWN;SOFT;1;
[1509567409] CURRENT SERVICE STATE: icinga2-master.rahona.be;http;UNKNOWN;SOFT;1;
[1509567409] CURRENT SERVICE STATE: icinga2-master.rahona.be;disk;UNKNOWN;SOFT;1;
[1509567409] CURRENT SERVICE STATE: icinga2-master.rahona.be;disk /;UNKNOWN;SOFT;1;
[1509567409] CURRENT SERVICE STATE: icinga2-master.rahona.be;icinga;UNKNOWN;SOFT;1;
[1509567409] CURRENT SERVICE STATE: icinga2-master.rahona.be;load;UNKNOWN;SOFT;1;
[1509567409] CURRENT SERVICE STATE: icinga2-master.rahona.be;procs;UNKNOWN;SOFT;1;
[1509567409] CURRENT SERVICE STATE: icinga2-master.rahona.be;swap;UNKNOWN;SOFT;1;
[1509567409] CURRENT SERVICE STATE: icinga2-master.rahona.be;users;UNKNOWN;SOFT;1;
[1509567465] SERVICE ALERT: icinga2-master.rahona.be;http;CRITICAL;SOFT;2;connect to address 127.0.0.1 and port 80: Connection refused
[1509567465] SERVICE ALERT: icinga2-master.rahona.be;disk;OK;HARD;1;DISK OK - free space: / 57715 MB (94% inode=98%): /etc/icinga2 62275 MB (26% inode=99%): /etc/resolv.conf 57715 MB (94% inode=98%): /etc/hostname 57715 MB (94% inode=98%): /etc/hosts 57715 MB (94% inode=98%): /etc/apache2/ssl 62275 MB (26% inode=99%): /var/log/apache2 62275 MB (26% inode=99%): /var/log/icinga2 62275 MB (26% inode=99%): /var/cache/icinga2 62275 MB (26% inode=99%): /var/lib/icinga2 62275 MB (26% inode=99%): /var/lib/php5/sessions 62275 MB (26% inode=99%):
[1509567466] SERVICE ALERT: icinga2-master.rahona.be;load;OK;HARD;1;OK - load average: 0.08, 0.09, 0.11
[1509567466] SERVICE ALERT: icinga2-master.rahona.be;procs;OK;HARD;1;PROCS OK: 9 processes 
[1509567467] SERVICE ALERT: icinga2-master.rahona.be;apt;OK;HARD;1;APT OK: 0 packages available for upgrade (0 critical updates). 
[1509567468] SERVICE ALERT: icinga2-master.rahona.be;icinga;OK;HARD;1;Icinga 2 has been running for 59 seconds. Version: r2.7.1-1
[1509567468] SERVICE ALERT: icinga2-master.rahona.be;disk /;OK;HARD;1;DISK OK - free space: / 57715 MB (94% inode=98%):
[1509567468] SERVICE ALERT: icinga2-master.rahona.be;ping6;UNKNOWN;SOFT;2;/bin/ping6 -n -U -w 10 -c 5 ::1
[1509567468] SERVICE ALERT: icinga2-master.rahona.be;users;OK;HARD;1;USERS OK - 0 users currently logged in 
[1509567468] SERVICE ALERT: icinga2-master.rahona.be;swap;OK;HARD;1;SWAP OK - 100% free (1023 MB out of 1023 MB) 
[1509567471] HOST ALERT: icinga2-master.rahona.be;UP;HARD;1;PING OK - Packet loss = 0%, RTA = 0.11 ms
[1509567472] SERVICE ALERT: icinga2-master.rahona.be;ping4;OK;HARD;1;PING OK - Packet loss = 0%, RTA = 0.11 ms
[1509567495] SERVICE ALERT: icinga2-master.rahona.be;http;CRITICAL;SOFT;3;connect to address 127.0.0.1 and port 80: Connection refused
[1509567497] SERVICE ALERT: icinga2-master.rahona.be;ping6;UNKNOWN;SOFT;3;/bin/ping6 -n -U -w 10 -c 5 ::1
[1509567525] SERVICE ALERT: icinga2-master.rahona.be;http;CRITICAL;SOFT;4;connect to address 127.0.0.1 and port 80: Connection refused
[1509567526] SERVICE ALERT: icinga2-master.rahona.be;ping6;UNKNOWN;SOFT;4;/bin/ping6 -n -U -w 10 -c 5 ::1
[1509567555] SERVICE ALERT: icinga2-master.rahona.be;http;CRITICAL;HARD;1;connect to address 127.0.0.1 and port 80: Connection refused
[1509567555] SERVICE NOTIFICATION: icingaadmin;icinga2-master.rahona.be;http;CRITICAL;mail-service-notification;connect to address 127.0.0.1 and port 80: Connection refused;
[1509567555] SERVICE ALERT: icinga2-master.rahona.be;ping6;UNKNOWN;HARD;1;/bin/ping6 -n -U -w 10 -c 5 ::1
[1509567555] SERVICE NOTIFICATION: icingaadmin;icinga2-master.rahona.be;ping6;UNKNOWN;mail-service-notification;/bin/ping6 -n -U -w 10 -c 5 ::1;
