[1514565000] LOG ROTATION: HOURLY
[1514565000] LOG VERSION: 2.0
[1514565000] CURRENT HOST STATE: icinga2-master-1-core.rahona.be;UP;HARD;1;PING OK - Packet loss = 0%, RTA = 0.09 ms
[1514565000] CURRENT SERVICE STATE: icinga2-master-1-core.rahona.be;apt;OK;HARD;1;APT OK: 0 packages available for upgrade (0 critical updates). 
[1514565000] CURRENT SERVICE STATE: icinga2-master-1-core.rahona.be;ping6;UNKNOWN;HARD;1;/bin/ping6 -n -U -w 10 -c 5 ::1
[1514565000] CURRENT SERVICE STATE: icinga2-master-1-core.rahona.be;http;CRITICAL;HARD;1;connect to address 127.0.0.1 and port 80: Connection refused
[1514565000] CURRENT SERVICE STATE: icinga2-master-1-core.rahona.be;disk;WARNING;HARD;1;DISK WARNING - free space: / 40598 MB (66% inode=85%): /etc/icinga2 35402 MB (15% inode=99%): /etc/resolv.conf 40598 MB (66% inode=85%): /etc/hostname 40598 MB (66% inode=85%): /etc/hosts 40598 MB (66% inode=85%): /var/cache/icinga2 35402 MB (15% inode=99%): /var/log/icinga2 35402 MB (15% inode=99%): /var/lib/mysql 35402 MB (15% inode=99%): /var/spool/icinga2 35402 MB (15% inode=99%): /run/icinga2 35402 MB (15% inode=99%): /var/lib/icinga2 35402 MB (15% inode=99%): /usr/lib/nagios/plugins 35402 MB (15% inode=99%):
[1514565000] CURRENT SERVICE STATE: icinga2-master-1-core.rahona.be;disk /;OK;HARD;1;DISK OK - free space: / 40598 MB (66% inode=85%):
[1514565000] CURRENT SERVICE STATE: icinga2-master-1-core.rahona.be;icinga;OK;HARD;1;Icinga 2 has been running for 16 minutes and 55 seconds. Version: r2.8.0-1
[1514565000] CURRENT SERVICE STATE: icinga2-master-1-core.rahona.be;load;OK;HARD;1;OK - load average: 0.00, 0.02, 0.00
[1514565000] CURRENT SERVICE STATE: icinga2-master-1-core.rahona.be;procs;OK;HARD;1;PROCS OK: 10 processes 
[1514565000] CURRENT SERVICE STATE: icinga2-master-1-core.rahona.be;swap;OK;HARD;1;SWAP OK - 100% free (1023 MB out of 1023 MB) 
[1514565000] CURRENT SERVICE STATE: icinga2-master-1-core.rahona.be;users;OK;HARD;1;USERS OK - 0 users currently logged in 
[1514565000] CURRENT SERVICE STATE: icinga2-master-1-core.rahona.be;ping4;OK;HARD;1;PING OK - Packet loss = 0%, RTA = 0.11 ms
[1514565894] SERVICE NOTIFICATION: icingaadmin;icinga2-master-1-core.rahona.be;ping6;UNKNOWN;mail-service-notification;/bin/ping6 -n -U -w 10 -c 5 ::1;
[1514565899] SERVICE NOTIFICATION: icingaadmin;icinga2-master-1-core.rahona.be;http;CRITICAL;mail-service-notification;connect to address 127.0.0.1 and port 80: Connection refused;
[1514565909] SERVICE NOTIFICATION: icingaadmin;icinga2-master-1-core.rahona.be;disk;WARNING;mail-service-notification;DISK WARNING - free space: / 40598 MB (66% inode=85%): /etc/icinga2 35398 MB (15% inode=99%): /etc/resolv.conf 40598 MB (66% inode=85%): /etc/hostname 40598 MB (66% inode=85%): /etc/hosts 40598 MB (66% inode=85%): /var/cache/icinga2 35398 MB (15% inode=99%): /var/log/icinga2 35398 MB (15% inode=99%): /var/lib/mysql 35398 MB (15% inode=99%): /var/spool/icinga2 35398 MB (15% inode=99%): /run/icinga2 35398 MB (15% inode=99%): /var/lib/icinga2 35398 MB (15% inode=99%): /usr/lib/nagios/plugins 35398 MB (15% inode=99%):;
[1514567695] SERVICE NOTIFICATION: icingaadmin;icinga2-master-1-core.rahona.be;ping6;UNKNOWN;mail-service-notification;/bin/ping6 -n -U -w 10 -c 5 ::1;
[1514567700] SERVICE NOTIFICATION: icingaadmin;icinga2-master-1-core.rahona.be;http;CRITICAL;mail-service-notification;connect to address 127.0.0.1 and port 80: Connection refused;
[1514567710] SERVICE NOTIFICATION: icingaadmin;icinga2-master-1-core.rahona.be;disk;WARNING;mail-service-notification;DISK WARNING - free space: / 40598 MB (66% inode=85%): /etc/icinga2 35393 MB (15% inode=99%): /etc/resolv.conf 40598 MB (66% inode=85%): /etc/hostname 40598 MB (66% inode=85%): /etc/hosts 40598 MB (66% inode=85%): /var/cache/icinga2 35393 MB (15% inode=99%): /var/log/icinga2 35393 MB (15% inode=99%): /var/lib/mysql 35393 MB (15% inode=99%): /var/spool/icinga2 35393 MB (15% inode=99%): /run/icinga2 35393 MB (15% inode=99%): /var/lib/icinga2 35393 MB (15% inode=99%): /usr/lib/nagios/plugins 35393 MB (15% inode=99%):;
[1514568516] EXTERNAL COMMAND: SCHEDULE_FORCED_SVC_CHECK;icinga2-master-1-core.rahona.be;disk;1514568516
