[1514563949] LOG ROTATION: HOURLY
[1514563949] LOG VERSION: 2.0
[1514563949] CURRENT HOST STATE: icinga2-master-1-core.rahona.be;DOWN;SOFT;1;
[1514563949] CURRENT SERVICE STATE: icinga2-master-1-core.rahona.be;apt;UNKNOWN;SOFT;1;
[1514563949] CURRENT SERVICE STATE: icinga2-master-1-core.rahona.be;ping6;UNKNOWN;SOFT;1;
[1514563949] CURRENT SERVICE STATE: icinga2-master-1-core.rahona.be;http;UNKNOWN;SOFT;1;
[1514563949] CURRENT SERVICE STATE: icinga2-master-1-core.rahona.be;disk;UNKNOWN;SOFT;1;
[1514563949] CURRENT SERVICE STATE: icinga2-master-1-core.rahona.be;disk /;UNKNOWN;SOFT;1;
[1514563949] CURRENT SERVICE STATE: icinga2-master-1-core.rahona.be;icinga;UNKNOWN;SOFT;1;
[1514563949] CURRENT SERVICE STATE: icinga2-master-1-core.rahona.be;load;UNKNOWN;SOFT;1;
[1514563949] CURRENT SERVICE STATE: icinga2-master-1-core.rahona.be;procs;UNKNOWN;SOFT;1;
[1514563949] CURRENT SERVICE STATE: icinga2-master-1-core.rahona.be;swap;UNKNOWN;SOFT;1;
[1514563949] CURRENT SERVICE STATE: icinga2-master-1-core.rahona.be;users;UNKNOWN;SOFT;1;
[1514563949] CURRENT SERVICE STATE: icinga2-master-1-core.rahona.be;ping4;UNKNOWN;SOFT;1;
[1514564005] SERVICE ALERT: icinga2-master-1-core.rahona.be;swap;OK;HARD;1;SWAP OK - 100% free (1023 MB out of 1023 MB) 
[1514564005] SERVICE ALERT: icinga2-master-1-core.rahona.be;users;OK;HARD;1;USERS OK - 0 users currently logged in 
[1514564006] SERVICE ALERT: icinga2-master-1-core.rahona.be;load;OK;HARD;1;OK - load average: 0.24, 0.11, 0.03
[1514564006] SERVICE ALERT: icinga2-master-1-core.rahona.be;disk /;OK;HARD;1;DISK OK - free space: / 40632 MB (66% inode=85%):
[1514564007] SERVICE ALERT: icinga2-master-1-core.rahona.be;procs;OK;HARD;1;PROCS OK: 8 processes 
[1514564007] SERVICE ALERT: icinga2-master-1-core.rahona.be;apt;OK;HARD;1;APT OK: 0 packages available for upgrade (0 critical updates). 
[1514564007] SERVICE ALERT: icinga2-master-1-core.rahona.be;http;CRITICAL;SOFT;2;connect to address 127.0.0.1 and port 80: Connection refused
[1514564007] SERVICE ALERT: icinga2-master-1-core.rahona.be;ping6;UNKNOWN;SOFT;2;/bin/ping6 -n -U -w 10 -c 5 ::1
[1514564008] SERVICE ALERT: icinga2-master-1-core.rahona.be;disk;CRITICAL;SOFT;2;DISK CRITICAL - free space: / 40632 MB (66% inode=85%): /etc/icinga2 20729 MB (8% inode=99%): /etc/resolv.conf 40632 MB (66% inode=85%): /etc/hostname 40632 MB (66% inode=85%): /etc/hosts 40632 MB (66% inode=85%): /var/cache/icinga2 20729 MB (8% inode=99%): /var/log/icinga2 20729 MB (8% inode=99%): /var/lib/mysql 20729 MB (8% inode=99%): /var/spool/icinga2 20729 MB (8% inode=99%): /run/icinga2 20729 MB (8% inode=99%): /var/lib/icinga2 20729 MB (8% inode=99%): /usr/lib/nagios/plugins 20729 MB (8% inode=99%):
[1514564008] SERVICE ALERT: icinga2-master-1-core.rahona.be;icinga;OK;HARD;1;Icinga 2 has been running for 59 seconds. Version: r2.8.0-1
[1514564011] HOST ALERT: icinga2-master-1-core.rahona.be;UP;HARD;1;PING OK - Packet loss = 0%, RTA = 0.12 ms
[1514564011] SERVICE ALERT: icinga2-master-1-core.rahona.be;ping4;OK;HARD;1;PING OK - Packet loss = 0%, RTA = 0.15 ms
[1514564036] SERVICE ALERT: icinga2-master-1-core.rahona.be;http;CRITICAL;SOFT;3;connect to address 127.0.0.1 and port 80: Connection refused
[1514564036] SERVICE ALERT: icinga2-master-1-core.rahona.be;ping6;UNKNOWN;SOFT;3;/bin/ping6 -n -U -w 10 -c 5 ::1
[1514564038] SERVICE ALERT: icinga2-master-1-core.rahona.be;disk;CRITICAL;SOFT;3;DISK CRITICAL - free space: / 40602 MB (66% inode=85%): /etc/icinga2 20730 MB (8% inode=99%): /etc/resolv.conf 40602 MB (66% inode=85%): /etc/hostname 40602 MB (66% inode=85%): /etc/hosts 40602 MB (66% inode=85%): /var/cache/icinga2 20730 MB (8% inode=99%): /var/log/icinga2 20730 MB (8% inode=99%): /var/lib/mysql 20730 MB (8% inode=99%): /var/spool/icinga2 20730 MB (8% inode=99%): /run/icinga2 20730 MB (8% inode=99%): /var/lib/icinga2 20730 MB (8% inode=99%): /usr/lib/nagios/plugins 20730 MB (8% inode=99%):
[1514564064] SERVICE ALERT: icinga2-master-1-core.rahona.be;ping6;UNKNOWN;SOFT;4;/bin/ping6 -n -U -w 10 -c 5 ::1
[1514564065] SERVICE ALERT: icinga2-master-1-core.rahona.be;http;CRITICAL;SOFT;4;connect to address 127.0.0.1 and port 80: Connection refused
[1514564067] SERVICE ALERT: icinga2-master-1-core.rahona.be;disk;CRITICAL;SOFT;4;DISK CRITICAL - free space: / 40598 MB (66% inode=85%): /etc/icinga2 20730 MB (8% inode=99%): /etc/resolv.conf 40598 MB (66% inode=85%): /etc/hostname 40598 MB (66% inode=85%): /etc/hosts 40598 MB (66% inode=85%): /var/cache/icinga2 20730 MB (8% inode=99%): /var/log/icinga2 20730 MB (8% inode=99%): /var/lib/mysql 20730 MB (8% inode=99%): /var/spool/icinga2 20730 MB (8% inode=99%): /run/icinga2 20730 MB (8% inode=99%): /var/lib/icinga2 20730 MB (8% inode=99%): /usr/lib/nagios/plugins 20730 MB (8% inode=99%):
[1514564092] SERVICE ALERT: icinga2-master-1-core.rahona.be;ping6;UNKNOWN;HARD;1;/bin/ping6 -n -U -w 10 -c 5 ::1
[1514564092] SERVICE NOTIFICATION: icingaadmin;icinga2-master-1-core.rahona.be;ping6;UNKNOWN;mail-service-notification;/bin/ping6 -n -U -w 10 -c 5 ::1;
[1514564095] SERVICE ALERT: icinga2-master-1-core.rahona.be;http;CRITICAL;HARD;1;connect to address 127.0.0.1 and port 80: Connection refused
[1514564095] SERVICE NOTIFICATION: icingaadmin;icinga2-master-1-core.rahona.be;http;CRITICAL;mail-service-notification;connect to address 127.0.0.1 and port 80: Connection refused;
[1514564097] SERVICE ALERT: icinga2-master-1-core.rahona.be;disk;CRITICAL;HARD;1;DISK CRITICAL - free space: / 40598 MB (66% inode=85%): /etc/icinga2 25516 MB (10% inode=99%): /etc/resolv.conf 40598 MB (66% inode=85%): /etc/hostname 40598 MB (66% inode=85%): /etc/hosts 40598 MB (66% inode=85%): /var/cache/icinga2 25516 MB (10% inode=99%): /var/log/icinga2 25516 MB (10% inode=99%): /var/lib/mysql 25516 MB (10% inode=99%): /var/spool/icinga2 25516 MB (10% inode=99%): /run/icinga2 25516 MB (10% inode=99%): /var/lib/icinga2 25516 MB (10% inode=99%): /usr/lib/nagios/plugins 25516 MB (10% inode=99%):
[1514564097] SERVICE NOTIFICATION: icingaadmin;icinga2-master-1-core.rahona.be;disk;CRITICAL;mail-service-notification;DISK CRITICAL - free space: / 40598 MB (66% inode=85%): /etc/icinga2 25516 MB (10% inode=99%): /etc/resolv.conf 40598 MB (66% inode=85%): /etc/hostname 40598 MB (66% inode=85%): /etc/hosts 40598 MB (66% inode=85%): /var/cache/icinga2 25516 MB (10% inode=99%): /var/log/icinga2 25516 MB (10% inode=99%): /var/lib/mysql 25516 MB (10% inode=99%): /var/spool/icinga2 25516 MB (10% inode=99%): /run/icinga2 25516 MB (10% inode=99%): /var/lib/icinga2 25516 MB (10% inode=99%): /usr/lib/nagios/plugins 25516 MB (10% inode=99%):;
[1514564109] EXTERNAL COMMAND: SCHEDULE_FORCED_SVC_CHECK;icinga2-master-1-core.rahona.be;disk;1514564109
[1514564109] SERVICE ALERT: icinga2-master-1-core.rahona.be;disk;WARNING;HARD;1;DISK WARNING - free space: / 40598 MB (66% inode=85%): /etc/icinga2 35408 MB (15% inode=99%): /etc/resolv.conf 40598 MB (66% inode=85%): /etc/hostname 40598 MB (66% inode=85%): /etc/hosts 40598 MB (66% inode=85%): /var/cache/icinga2 35408 MB (15% inode=99%): /var/log/icinga2 35408 MB (15% inode=99%): /var/lib/mysql 35408 MB (15% inode=99%): /var/spool/icinga2 35408 MB (15% inode=99%): /run/icinga2 35408 MB (15% inode=99%): /var/lib/icinga2 35408 MB (15% inode=99%): /usr/lib/nagios/plugins 35408 MB (15% inode=99%):
[1514564109] SERVICE NOTIFICATION: icingaadmin;icinga2-master-1-core.rahona.be;disk;WARNING;mail-service-notification;DISK WARNING - free space: / 40598 MB (66% inode=85%): /etc/icinga2 35408 MB (15% inode=99%): /etc/resolv.conf 40598 MB (66% inode=85%): /etc/hostname 40598 MB (66% inode=85%): /etc/hosts 40598 MB (66% inode=85%): /var/cache/icinga2 35408 MB (15% inode=99%): /var/log/icinga2 35408 MB (15% inode=99%): /var/lib/mysql 35408 MB (15% inode=99%): /var/spool/icinga2 35408 MB (15% inode=99%): /run/icinga2 35408 MB (15% inode=99%): /var/lib/icinga2 35408 MB (15% inode=99%): /usr/lib/nagios/plugins 35408 MB (15% inode=99%):;
