[1513710000] LOG ROTATION: HOURLY
[1513710000] LOG VERSION: 2.0
[1513710000] CURRENT HOST STATE: icinga2-satellite-1-core.quanta.it;UP;HARD;1;PING OK - Packet loss = 0%, RTA = 0.10 ms
[1513710000] CURRENT SERVICE STATE: icinga2-satellite-1-core.quanta.it;apt;OK;HARD;1;APT OK: 0 packages available for upgrade (0 critical updates). 
[1513710000] CURRENT SERVICE STATE: icinga2-satellite-1-core.quanta.it;ping6;UNKNOWN;SOFT;3;/bin/ping6 -n -U -w 10 -c 5 ::1
[1513710000] CURRENT SERVICE STATE: icinga2-satellite-1-core.quanta.it;http;CRITICAL;SOFT;3;connect to address 127.0.0.1 and port 80: Connection refused
[1513710000] CURRENT SERVICE STATE: icinga2-satellite-1-core.quanta.it;disk;WARNING;SOFT;3;DISK WARNING - free space: / 42172 MB (69% inode=86%): /etc/icinga2 27226 MB (11% inode=99%): /etc/hostname 42172 MB (69% inode=86%): /etc/hosts 42172 MB (69% inode=86%): /etc/resolv.conf 42172 MB (69% inode=86%): /var/lib/icinga2 27226 MB (11% inode=99%): /var/log/icinga2 27226 MB (11% inode=99%): /var/spool/icinga2 27226 MB (11% inode=99%): /run/icinga2 27226 MB (11% inode=99%): /var/cache/icinga2 27226 MB (11% inode=99%):
[1513710000] CURRENT SERVICE STATE: icinga2-satellite-1-core.quanta.it;disk /;OK;HARD;1;DISK OK - free space: / 42204 MB (69% inode=86%):
[1513710000] CURRENT SERVICE STATE: icinga2-satellite-1-core.quanta.it;icinga;OK;HARD;1;Icinga 2 has been running for 57 seconds. Version: r2.8.0-1
[1513710000] CURRENT SERVICE STATE: icinga2-satellite-1-core.quanta.it;load;OK;HARD;1;OK - load average: 0.35, 0.27, 0.18
[1513710000] CURRENT SERVICE STATE: icinga2-satellite-1-core.quanta.it;procs;OK;HARD;1;PROCS OK: 12 processes 
[1513710000] CURRENT SERVICE STATE: icinga2-satellite-1-core.quanta.it;swap;OK;HARD;1;SWAP OK - 100% free (1023 MB out of 1023 MB) 
[1513710000] CURRENT SERVICE STATE: icinga2-satellite-1-core.quanta.it;users;OK;HARD;1;USERS OK - 0 users currently logged in 
[1513710000] CURRENT SERVICE STATE: icinga2-satellite-1-core.quanta.it;ping4;OK;HARD;1;PING OK - Packet loss = 0%, RTA = 0.22 ms
[1513710008] SERVICE ALERT: icinga2-satellite-1-core.quanta.it;ping6;UNKNOWN;SOFT;4;/bin/ping6 -n -U -w 10 -c 5 ::1
[1513710009] SERVICE ALERT: icinga2-satellite-1-core.quanta.it;disk;WARNING;SOFT;4;DISK WARNING - free space: / 42171 MB (69% inode=86%): /etc/icinga2 27221 MB (11% inode=99%): /etc/hostname 42171 MB (69% inode=86%): /etc/hosts 42171 MB (69% inode=86%): /etc/resolv.conf 42171 MB (69% inode=86%): /var/lib/icinga2 27221 MB (11% inode=99%): /var/log/icinga2 27221 MB (11% inode=99%): /var/spool/icinga2 27221 MB (11% inode=99%): /run/icinga2 27221 MB (11% inode=99%): /var/cache/icinga2 27221 MB (11% inode=99%):
[1513710013] SERVICE ALERT: icinga2-satellite-1-core.quanta.it;http;CRITICAL;SOFT;4;connect to address 127.0.0.1 and port 80: Connection refused
[1513710036] SERVICE ALERT: icinga2-satellite-1-core.quanta.it;ping6;UNKNOWN;HARD;1;/bin/ping6 -n -U -w 10 -c 5 ::1
[1513710039] SERVICE ALERT: icinga2-satellite-1-core.quanta.it;disk;WARNING;HARD;1;DISK WARNING - free space: / 42171 MB (69% inode=86%): /etc/icinga2 27221 MB (11% inode=99%): /etc/hostname 42171 MB (69% inode=86%): /etc/hosts 42171 MB (69% inode=86%): /etc/resolv.conf 42171 MB (69% inode=86%): /var/lib/icinga2 27221 MB (11% inode=99%): /var/log/icinga2 27221 MB (11% inode=99%): /var/spool/icinga2 27221 MB (11% inode=99%): /run/icinga2 27221 MB (11% inode=99%): /var/cache/icinga2 27221 MB (11% inode=99%):
[1513710043] SERVICE ALERT: icinga2-satellite-1-core.quanta.it;http;CRITICAL;HARD;1;connect to address 127.0.0.1 and port 80: Connection refused
[1513720020] SERVICE ALERT: icinga2-satellite-1-core.quanta.it;disk;CRITICAL;HARD;1;DISK CRITICAL - free space: / 42171 MB (69% inode=86%): /etc/icinga2 25154 MB (10% inode=99%): /etc/hostname 42171 MB (69% inode=86%): /etc/hosts 42171 MB (69% inode=86%): /etc/resolv.conf 42171 MB (69% inode=86%): /var/lib/icinga2 25154 MB (10% inode=99%): /var/log/icinga2 25154 MB (10% inode=99%): /var/spool/icinga2 25154 MB (10% inode=99%): /run/icinga2 25154 MB (10% inode=99%): /var/cache/icinga2 25154 MB (10% inode=99%):
[1513720077] SERVICE ALERT: icinga2-satellite-1-core.quanta.it;disk;WARNING;HARD;1;DISK WARNING - free space: / 42171 MB (69% inode=86%): /etc/icinga2 26185 MB (11% inode=99%): /etc/hostname 42171 MB (69% inode=86%): /etc/hosts 42171 MB (69% inode=86%): /etc/resolv.conf 42171 MB (69% inode=86%): /var/lib/icinga2 26185 MB (11% inode=99%): /var/log/icinga2 26185 MB (11% inode=99%): /var/spool/icinga2 26185 MB (11% inode=99%): /run/icinga2 26185 MB (11% inode=99%): /var/cache/icinga2 26185 MB (11% inode=99%):
[1513729059] SERVICE ALERT: icinga2-satellite-1-core.quanta.it;disk;CRITICAL;HARD;1;DISK CRITICAL - free space: / 42175 MB (69% inode=86%): /etc/icinga2 24800 MB (10% inode=99%): /etc/hostname 42175 MB (69% inode=86%): /etc/hosts 42175 MB (69% inode=86%): /etc/resolv.conf 42175 MB (69% inode=86%): /var/lib/icinga2 24800 MB (10% inode=99%): /var/log/icinga2 24800 MB (10% inode=99%): /var/spool/icinga2 24800 MB (10% inode=99%): /run/icinga2 24800 MB (10% inode=99%): /var/cache/icinga2 24800 MB (10% inode=99%):
[1513729119] SERVICE ALERT: icinga2-satellite-1-core.quanta.it;disk;WARNING;HARD;1;DISK WARNING - free space: / 42175 MB (69% inode=86%): /etc/icinga2 25819 MB (11% inode=99%): /etc/hostname 42175 MB (69% inode=86%): /etc/hosts 42175 MB (69% inode=86%): /etc/resolv.conf 42175 MB (69% inode=86%): /var/lib/icinga2 25819 MB (11% inode=99%): /var/log/icinga2 25819 MB (11% inode=99%): /var/spool/icinga2 25819 MB (11% inode=99%): /run/icinga2 25819 MB (11% inode=99%): /var/cache/icinga2 25819 MB (11% inode=99%):
[1513729539] SERVICE ALERT: icinga2-satellite-1-core.quanta.it;disk;CRITICAL;HARD;1;DISK CRITICAL - free space: / 42175 MB (69% inode=86%): /etc/icinga2 25799 MB (10% inode=99%): /etc/hostname 42175 MB (69% inode=86%): /etc/hosts 42175 MB (69% inode=86%): /etc/resolv.conf 42175 MB (69% inode=86%): /var/lib/icinga2 25799 MB (10% inode=99%): /var/log/icinga2 25799 MB (10% inode=99%): /var/spool/icinga2 25799 MB (10% inode=99%): /run/icinga2 25799 MB (10% inode=99%): /var/cache/icinga2 25799 MB (10% inode=99%):
[1513759628] SERVICE DOWNTIME ALERT: icinga2-satellite-1-core.quanta.it;load;STOPPED; Checkable has exited from a period of scheduled downtime.
[1513851770] SERVICE DOWNTIME ALERT: icinga2-satellite-1-core.quanta.it;load;STOPPED; Checkable has exited from a period of scheduled downtime.
