[1512845310] LOG ROTATION: HOURLY
[1512845310] LOG VERSION: 2.0
[1512845310] CURRENT HOST STATE: icinga2-master.rahona.be;DOWN;SOFT;1;
[1512845310] CURRENT SERVICE STATE: icinga2-master.rahona.be;apt;UNKNOWN;SOFT;1;
[1512845310] CURRENT SERVICE STATE: icinga2-master.rahona.be;ping6;UNKNOWN;SOFT;1;
[1512845310] CURRENT SERVICE STATE: icinga2-master.rahona.be;http;UNKNOWN;SOFT;1;
[1512845310] CURRENT SERVICE STATE: icinga2-master.rahona.be;disk;UNKNOWN;SOFT;1;
[1512845310] CURRENT SERVICE STATE: icinga2-master.rahona.be;disk /;UNKNOWN;SOFT;1;
[1512845310] CURRENT SERVICE STATE: icinga2-master.rahona.be;icinga;UNKNOWN;SOFT;1;
[1512845310] CURRENT SERVICE STATE: icinga2-master.rahona.be;load;UNKNOWN;SOFT;1;
[1512845310] CURRENT SERVICE STATE: icinga2-master.rahona.be;procs;UNKNOWN;SOFT;1;
[1512845310] CURRENT SERVICE STATE: icinga2-master.rahona.be;swap;UNKNOWN;SOFT;1;
[1512845310] CURRENT SERVICE STATE: icinga2-master.rahona.be;users;UNKNOWN;SOFT;1;
[1512845310] CURRENT SERVICE STATE: icinga2-master.rahona.be;ping4;UNKNOWN;SOFT;1;
[1512845366] SERVICE ALERT: icinga2-master.rahona.be;users;OK;HARD;1;USERS OK - 0 users currently logged in 
[1512845366] SERVICE ALERT: icinga2-master.rahona.be;load;OK;HARD;1;OK - load average: 0.20, 0.30, 0.25
[1512845367] SERVICE ALERT: icinga2-master.rahona.be;ping6;UNKNOWN;SOFT;2;/bin/ping6 -n -U -w 10 -c 5 ::1
[1512845367] SERVICE ALERT: icinga2-master.rahona.be;procs;OK;HARD;1;PROCS OK: 10 processes 
[1512845367] SERVICE ALERT: icinga2-master.rahona.be;disk /;OK;HARD;1;DISK OK - free space: / 48386 MB (79% inode=90%):
[1512845367] SERVICE ALERT: icinga2-master.rahona.be;apt;OK;HARD;1;APT OK: 0 packages available for upgrade (0 critical updates). 
[1512845367] SERVICE ALERT: icinga2-master.rahona.be;icinga;OK;HARD;1;Icinga 2 has been running for 57 seconds. Version: r2.8.0-1
[1512845368] SERVICE ALERT: icinga2-master.rahona.be;http;CRITICAL;SOFT;2;connect to address 127.0.0.1 and port 80: Connection refused
[1512845368] SERVICE ALERT: icinga2-master.rahona.be;disk;WARNING;SOFT;2;DISK WARNING - free space: / 48386 MB (79% inode=90%): /etc/icinga2 48285 MB (20% inode=99%): /etc/hostname 48386 MB (79% inode=90%): /etc/hosts 48386 MB (79% inode=90%): /etc/resolv.conf 48386 MB (79% inode=90%): /var/lib/icinga2 48285 MB (20% inode=99%): /var/log/icinga2 48285 MB (20% inode=99%): /var/cache/icinga2 48285 MB (20% inode=99%): /var/spool/icinga2 48285 MB (20% inode=99%): /run/icinga2 48285 MB (20% inode=99%):
[1512845369] SERVICE ALERT: icinga2-master.rahona.be;swap;OK;HARD;1;SWAP OK - 100% free (1023 MB out of 1023 MB) 
[1512845371] SERVICE ALERT: icinga2-master.rahona.be;ping4;OK;HARD;1;PING OK - Packet loss = 0%, RTA = 0.09 ms
[1512845371] HOST ALERT: icinga2-master.rahona.be;UP;HARD;1;PING OK - Packet loss = 0%, RTA = 0.10 ms
[1512845396] SERVICE ALERT: icinga2-master.rahona.be;ping6;UNKNOWN;SOFT;3;/bin/ping6 -n -U -w 10 -c 5 ::1
[1512845397] SERVICE ALERT: icinga2-master.rahona.be;disk;WARNING;SOFT;3;DISK WARNING - free space: / 48357 MB (79% inode=90%): /etc/icinga2 48285 MB (20% inode=99%): /etc/hostname 48357 MB (79% inode=90%): /etc/hosts 48357 MB (79% inode=90%): /etc/resolv.conf 48357 MB (79% inode=90%): /var/lib/icinga2 48285 MB (20% inode=99%): /var/log/icinga2 48285 MB (20% inode=99%): /var/cache/icinga2 48285 MB (20% inode=99%): /var/spool/icinga2 48285 MB (20% inode=99%): /run/icinga2 48285 MB (20% inode=99%):
[1512845397] SERVICE ALERT: icinga2-master.rahona.be;http;CRITICAL;SOFT;3;connect to address 127.0.0.1 and port 80: Connection refused
[1512845424] SERVICE ALERT: icinga2-master.rahona.be;ping6;UNKNOWN;SOFT;4;/bin/ping6 -n -U -w 10 -c 5 ::1
[1512845425] SERVICE ALERT: icinga2-master.rahona.be;disk;WARNING;SOFT;4;DISK WARNING - free space: / 48353 MB (79% inode=90%): /etc/icinga2 48284 MB (20% inode=99%): /etc/hostname 48353 MB (79% inode=90%): /etc/hosts 48353 MB (79% inode=90%): /etc/resolv.conf 48353 MB (79% inode=90%): /var/lib/icinga2 48284 MB (20% inode=99%): /var/log/icinga2 48284 MB (20% inode=99%): /var/cache/icinga2 48284 MB (20% inode=99%): /var/spool/icinga2 48284 MB (20% inode=99%): /run/icinga2 48284 MB (20% inode=99%):
[1512845427] SERVICE ALERT: icinga2-master.rahona.be;http;CRITICAL;SOFT;4;connect to address 127.0.0.1 and port 80: Connection refused
[1512845453] SERVICE ALERT: icinga2-master.rahona.be;ping6;UNKNOWN;HARD;1;/bin/ping6 -n -U -w 10 -c 5 ::1
[1512845453] SERVICE NOTIFICATION: icingaadmin;icinga2-master.rahona.be;ping6;UNKNOWN;mail-service-notification;/bin/ping6 -n -U -w 10 -c 5 ::1;
[1512845454] SERVICE ALERT: icinga2-master.rahona.be;disk;WARNING;HARD;1;DISK WARNING - free space: / 48353 MB (79% inode=90%): /etc/icinga2 48284 MB (20% inode=99%): /etc/hostname 48353 MB (79% inode=90%): /etc/hosts 48353 MB (79% inode=90%): /etc/resolv.conf 48353 MB (79% inode=90%): /var/lib/icinga2 48284 MB (20% inode=99%): /var/log/icinga2 48284 MB (20% inode=99%): /var/cache/icinga2 48284 MB (20% inode=99%): /var/spool/icinga2 48284 MB (20% inode=99%): /run/icinga2 48284 MB (20% inode=99%):
[1512845454] SERVICE NOTIFICATION: icingaadmin;icinga2-master.rahona.be;disk;WARNING;mail-service-notification;DISK WARNING - free space: / 48353 MB (79% inode=90%): /etc/icinga2 48284 MB (20% inode=99%): /etc/hostname 48353 MB (79% inode=90%): /etc/hosts 48353 MB (79% inode=90%): /etc/resolv.conf 48353 MB (79% inode=90%): /var/lib/icinga2 48284 MB (20% inode=99%): /var/log/icinga2 48284 MB (20% inode=99%): /var/cache/icinga2 48284 MB (20% inode=99%): /var/spool/icinga2 48284 MB (20% inode=99%): /run/icinga2 48284 MB (20% inode=99%):;
[1512845456] SERVICE ALERT: icinga2-master.rahona.be;http;CRITICAL;HARD;1;connect to address 127.0.0.1 and port 80: Connection refused
[1512845456] SERVICE NOTIFICATION: icingaadmin;icinga2-master.rahona.be;http;CRITICAL;mail-service-notification;connect to address 127.0.0.1 and port 80: Connection refused;
